###############################################################################
#                                                                             #
#                                                       26/Jun/2014  09:41:59 #
# IAR ANSI C/C++ Compiler V6.30.6.23336/W32 EVALUATION for ARM                #
# Copyright 1999-2012 IAR Systems AB.                                         #
#                                                                             #
#    Cpu mode     =  thumb                                                    #
#    Endian       =  little                                                   #
#    Source file  =  C:\Users\me\Desktop\OLED¿Í»§×ÊÁÏ-140509\³ÌÐòÀý³Ì\K60_4WI #
#                    RE_SPI\src\common\assert.c                               #
#    Command line =  C:\Users\me\Desktop\OLED¿Í»§×ÊÁÏ-140509\³ÌÐòÀý³Ì\K60_4WI #
#                    RE_SPI\src\common\assert.c -D IAR -D TWR_K60N512 -lCN    #
#                    C:\Users\me\Desktop\OLED¿Í»§×ÊÁÏ-140509\³ÌÐòÀý³Ì\K60_4WI #
#                    RE_SPI\build\iar\hello_world\FLASH_512KB_PFLASH\List\    #
#                    -lB C:\Users\me\Desktop\OLED¿Í»§×ÊÁÏ-140509\³ÌÐòÀý³Ì\K60 #
#                    _4WIRE_SPI\build\iar\hello_world\FLASH_512KB_PFLASH\List #
#                    \ -o C:\Users\me\Desktop\OLED¿Í»§×ÊÁÏ-140509\³ÌÐòÀý³Ì\K6 #
#                    0_4WIRE_SPI\build\iar\hello_world\FLASH_512KB_PFLASH\Obj #
#                    \ --no_cse --no_unroll --no_inline --no_code_motion      #
#                    --no_tbaa --no_clustering --no_scheduling --debug        #
#                    --endian=little --cpu=Cortex-M4 -e --fpu=None            #
#                    --dlib_config "C:\Program Files (x86)\IAR                #
#                    Systems\Embedded Workbench 6.0                           #
#                    Evaluation\arm\INC\c\DLib_Config_Normal.h" -I            #
#                    C:\Users\me\Desktop\OLED¿Í»§×ÊÁÏ-140509\³ÌÐòÀý³Ì\K60_4WI #
#                    RE_SPI\build\iar\hello_world\..\..\..\src\projects\hello #
#                    _world\ -I C:\Users\me\Desktop\OLED¿Í»§×ÊÁÏ-140509\³ÌÐòÀ #
#                    ý³Ì\K60_4WIRE_SPI\build\iar\hello_world\..\..\..\src\com #
#                    mon\ -I C:\Users\me\Desktop\OLED¿Í»§×ÊÁÏ-140509\³ÌÐòÀý³Ì #
#                    \K60_4WIRE_SPI\build\iar\hello_world\..\..\..\src\cpu\   #
#                    -I C:\Users\me\Desktop\OLED¿Í»§×ÊÁÏ-140509\³ÌÐòÀý³Ì\K60_ #
#                    4WIRE_SPI\build\iar\hello_world\..\..\..\src\cpu\headers #
#                    \ -I C:\Users\me\Desktop\OLED¿Í»§×ÊÁÏ-140509\³ÌÐòÀý³Ì\K6 #
#                    0_4WIRE_SPI\build\iar\hello_world\..\..\..\src\drivers\a #
#                    dc16\ -I C:\Users\me\Desktop\OLED¿Í»§×ÊÁÏ-140509\³ÌÐòÀý³ #
#                    Ì\K60_4WIRE_SPI\build\iar\hello_world\..\..\..\src\drive #
#                    rs\enet\ -I C:\Users\me\Desktop\OLED¿Í»§×ÊÁÏ-140509\³ÌÐò #
#                    Àý³Ì\K60_4WIRE_SPI\build\iar\hello_world\..\..\..\src\dr #
#                    ivers\pmc\ -I C:\Users\me\Desktop\OLED¿Í»§×ÊÁÏ-140509\³Ì #
#                    ÐòÀý³Ì\K60_4WIRE_SPI\build\iar\hello_world\..\..\..\src\ #
#                    drivers\rtc\ -I C:\Users\me\Desktop\OLED¿Í»§×ÊÁÏ-140509\ #
#                    ³ÌÐòÀý³Ì\K60_4WIRE_SPI\build\iar\hello_world\..\..\..\sr #
#                    c\drivers\lptmr\ -I C:\Users\me\Desktop\OLED¿Í»§×ÊÁÏ-140 #
#                    509\³ÌÐòÀý³Ì\K60_4WIRE_SPI\build\iar\hello_world\..\..\. #
#                    .\src\drivers\uart\ -I C:\Users\me\Desktop\OLED¿Í»§×ÊÁÏ- #
#                    140509\³ÌÐòÀý³Ì\K60_4WIRE_SPI\build\iar\hello_world\..\. #
#                    .\..\src\drivers\mcg\ -I C:\Users\me\Desktop\OLED¿Í»§×ÊÁ #
#                    Ï-140509\³ÌÐòÀý³Ì\K60_4WIRE_SPI\build\iar\hello_world\.. #
#                    \..\..\src\drivers\wdog\ -I                              #
#                    C:\Users\me\Desktop\OLED¿Í»§×ÊÁÏ-140509\³ÌÐòÀý³Ì\K60_4WI #
#                    RE_SPI\build\iar\hello_world\..\..\..\src\platforms\ -I  #
#                    C:\Users\me\Desktop\OLED¿Í»§×ÊÁÏ-140509\³ÌÐòÀý³Ì\K60_4WI #
#                    RE_SPI\build\iar\hello_world\..\..\..\src\drivers\ftm\   #
#                    -I C:\Users\me\Desktop\OLED¿Í»§×ÊÁÏ-140509\³ÌÐòÀý³Ì\K60_ #
#                    4WIRE_SPI\build\iar\hello_world\..\..\..\src\drivers\SPI #
#                    \ -I C:\Users\me\Desktop\OLED¿Í»§×ÊÁÏ-140509\³ÌÐòÀý³Ì\K6 #
#                    0_4WIRE_SPI\build\iar\hello_world\..\..\..\src\drivers\O #
#                    LED\ -I C:\Users\me\Desktop\OLED¿Í»§×ÊÁÏ-140509\³ÌÐòÀý³Ì #
#                    \K60_4WIRE_SPI\build\iar\hello_world\..\ -Ol             #
#                    --use_c++_inline                                         #
#    List file    =  C:\Users\me\Desktop\OLED¿Í»§×ÊÁÏ-140509\³ÌÐòÀý³Ì\K60_4WI #
#                    RE_SPI\build\iar\hello_world\FLASH_512KB_PFLASH\List\ass #
#                    ert.lst                                                  #
#    Object file  =  C:\Users\me\Desktop\OLED¿Í»§×ÊÁÏ-140509\³ÌÐòÀý³Ì\K60_4WI #
#                    RE_SPI\build\iar\hello_world\FLASH_512KB_PFLASH\Obj\asse #
#                    rt.o                                                     #
#                                                                             #
#                                                                             #
###############################################################################

C:\Users\me\Desktop\OLED¿Í»§×ÊÁÏ-140509\³ÌÐòÀý³Ì\K60_4WIRE_SPI\src\common\assert.c
      1          /*
      2           * File:        assert.c
      3           * Purpose:     Provide macro for software assertions
      4           *
      5           * Notes:       ASSERT macro defined in assert.h calls assert_failed()
      6           */
      7          
      8          #include "common.h"
      9          

   \                                 In section .rodata, align 4
     10          const char ASSERT_FAILED_STR[] = "Assertion failed in %s at line %d\n";
   \                     ASSERT_FAILED_STR:
   \   00000000   0x41 0x73          DC8 "Assertion failed in %s at line %d\012"
   \              0x73 0x65    
   \              0x72 0x74    
   \              0x69 0x6F    
   \              0x6E 0x20    
   \              0x66 0x61    
   \              0x69 0x6C    
   \              0x65 0x64    
   \              0x20 0x69    
   \              0x6E 0x20    
   \              0x25 0x73    
   \              0x20 0x61    
   \              0x74 0x20    
   \              0x6C 0x69    
   \              0x6E 0x65    
   \              0x20 0x25    
   \              0x64 0x0A    
   \              0x00         
   \   00000023   0x00               DC8 0
     11          
     12          /********************************************************************/

   \                                 In section .text, align 4, keep-with-next
     13          void
     14          assert_failed(char *file, int line)
     15          {
   \                     assert_failed:
   \   00000000   0xB580             PUSH     {R7,LR}
     16              int i;
     17              
     18              printf(ASSERT_FAILED_STR, file, line);
   \   00000002   0x000A             MOVS     R2,R1
   \   00000004   0x0001             MOVS     R1,R0
   \   00000006   0x4806             LDR.N    R0,??assert_failed_0
   \   00000008   0x.... 0x....      BL       printf
     19          
     20              while (1)
     21              {
     22          //        platform_led_display(0xFF);
     23                  for (i = 100000; i; i--) ;
   \                     ??assert_failed_1:
   \   0000000C   0x4805             LDR.N    R0,??assert_failed_0+0x4  ;; 0x186a0
   \   0000000E   0xE000             B.N      ??assert_failed_2
   \                     ??assert_failed_3:
   \   00000010   0x1E40             SUBS     R0,R0,#+1
   \                     ??assert_failed_2:
   \   00000012   0x2800             CMP      R0,#+0
   \   00000014   0xD1FC             BNE.N    ??assert_failed_3
     24          //        platform_led_display(0x00);
     25                  for (i = 100000; i; i--) ;
   \   00000016   0x4803             LDR.N    R0,??assert_failed_0+0x4  ;; 0x186a0
   \                     ??assert_failed_4:
   \   00000018   0x2800             CMP      R0,#+0
   \   0000001A   0xD0F7             BEQ.N    ??assert_failed_1
   \   0000001C   0x1E40             SUBS     R0,R0,#+1
   \   0000001E   0xE7FB             B.N      ??assert_failed_4
   \                     ??assert_failed_0:
   \   00000020   0x........         DC32     ASSERT_FAILED_STR
   \   00000024   0x000186A0         DC32     0x186a0
     26              }
     27          }
     28          /********************************************************************/

   Maximum stack usage in bytes:

   .cstack Function
   ------- --------
        8  assert_failed
             8 -> printf


   Section sizes:

   Bytes  Function/Label
   -----  --------------
      36  ASSERT_FAILED_STR
      40  assert_failed

 
 36 bytes in section .rodata
 40 bytes in section .text
 
 40 bytes of CODE  memory
 36 bytes of CONST memory

Errors: none
Warnings: none
