###############################################################################
#                                                                             #
#                                                       08/Jul/2014  15:37:35 #
# IAR ANSI C/C++ Compiler V6.30.6.23336/W32 EVALUATION for ARM                #
# Copyright 1999-2012 IAR Systems AB.                                         #
#                                                                             #
#    Cpu mode     =  thumb                                                    #
#    Endian       =  little                                                   #
#    Source file  =  E:\完成设计的产品\K60资料\OLED资料                       #
#                    (1)\OLED客户资料-1406\OLED程序例程\K60_4WIRE_SPI\src\pro #
#                    jects\hello_world\hello_world.c                          #
#    Command line =  "E:\完成设计的产品\K60资料\OLED资料                      #
#                    (1)\OLED客户资料-1406\OLED程序例程\K60_4WIRE_SPI\src\pro #
#                    jects\hello_world\hello_world.c" -D IAR -D TWR_K60N512   #
#                    -lCN "E:\完成设计的产品\K60资料\OLED资料                 #
#                    (1)\OLED客户资料-1406\OLED程序例程\K60_4WIRE_SPI\build\i #
#                    ar\hello_world\FLASH_512KB_PFLASH\List\" -lB             #
#                    "E:\完成设计的产品\K60资料\OLED资料                      #
#                    (1)\OLED客户资料-1406\OLED程序例程\K60_4WIRE_SPI\build\i #
#                    ar\hello_world\FLASH_512KB_PFLASH\List\" -o              #
#                    "E:\完成设计的产品\K60资料\OLED资料                      #
#                    (1)\OLED客户资料-1406\OLED程序例程\K60_4WIRE_SPI\build\i #
#                    ar\hello_world\FLASH_512KB_PFLASH\Obj\" --no_cse         #
#                    --no_unroll --no_inline --no_code_motion --no_tbaa       #
#                    --no_clustering --no_scheduling --debug --endian=little  #
#                    --cpu=Cortex-M4 -e --fpu=None --dlib_config              #
#                    C:\IAR\arm\INC\c\DLib_Config_Normal.h -I                 #
#                    "E:\完成设计的产品\K60资料\OLED资料                      #
#                    (1)\OLED客户资料-1406\OLED程序例程\K60_4WIRE_SPI\build\i #
#                    ar\hello_world\..\..\..\src\projects\hello_world\" -I    #
#                    "E:\完成设计的产品\K60资料\OLED资料                      #
#                    (1)\OLED客户资料-1406\OLED程序例程\K60_4WIRE_SPI\build\i #
#                    ar\hello_world\..\..\..\src\common\" -I                  #
#                    "E:\完成设计的产品\K60资料\OLED资料                      #
#                    (1)\OLED客户资料-1406\OLED程序例程\K60_4WIRE_SPI\build\i #
#                    ar\hello_world\..\..\..\src\cpu\" -I                     #
#                    "E:\完成设计的产品\K60资料\OLED资料                      #
#                    (1)\OLED客户资料-1406\OLED程序例程\K60_4WIRE_SPI\build\i #
#                    ar\hello_world\..\..\..\src\cpu\headers\" -I             #
#                    "E:\完成设计的产品\K60资料\OLED资料                      #
#                    (1)\OLED客户资料-1406\OLED程序例程\K60_4WIRE_SPI\build\i #
#                    ar\hello_world\..\..\..\src\drivers\adc16\" -I           #
#                    "E:\完成设计的产品\K60资料\OLED资料                      #
#                    (1)\OLED客户资料-1406\OLED程序例程\K60_4WIRE_SPI\build\i #
#                    ar\hello_world\..\..\..\src\drivers\enet\" -I            #
#                    "E:\完成设计的产品\K60资料\OLED资料                      #
#                    (1)\OLED客户资料-1406\OLED程序例程\K60_4WIRE_SPI\build\i #
#                    ar\hello_world\..\..\..\src\drivers\pmc\" -I             #
#                    "E:\完成设计的产品\K60资料\OLED资料                      #
#                    (1)\OLED客户资料-1406\OLED程序例程\K60_4WIRE_SPI\build\i #
#                    ar\hello_world\..\..\..\src\drivers\rtc\" -I             #
#                    "E:\完成设计的产品\K60资料\OLED资料                      #
#                    (1)\OLED客户资料-1406\OLED程序例程\K60_4WIRE_SPI\build\i #
#                    ar\hello_world\..\..\..\src\drivers\lptmr\" -I           #
#                    "E:\完成设计的产品\K60资料\OLED资料                      #
#                    (1)\OLED客户资料-1406\OLED程序例程\K60_4WIRE_SPI\build\i #
#                    ar\hello_world\..\..\..\src\drivers\uart\" -I            #
#                    "E:\完成设计的产品\K60资料\OLED资料                      #
#                    (1)\OLED客户资料-1406\OLED程序例程\K60_4WIRE_SPI\build\i #
#                    ar\hello_world\..\..\..\src\drivers\mcg\" -I             #
#                    "E:\完成设计的产品\K60资料\OLED资料                      #
#                    (1)\OLED客户资料-1406\OLED程序例程\K60_4WIRE_SPI\build\i #
#                    ar\hello_world\..\..\..\src\drivers\wdog\" -I            #
#                    "E:\完成设计的产品\K60资料\OLED资料                      #
#                    (1)\OLED客户资料-1406\OLED程序例程\K60_4WIRE_SPI\build\i #
#                    ar\hello_world\..\..\..\src\platforms\" -I               #
#                    "E:\完成设计的产品\K60资料\OLED资料                      #
#                    (1)\OLED客户资料-1406\OLED程序例程\K60_4WIRE_SPI\build\i #
#                    ar\hello_world\..\..\..\src\drivers\ftm\" -I             #
#                    "E:\完成设计的产品\K60资料\OLED资料                      #
#                    (1)\OLED客户资料-1406\OLED程序例程\K60_4WIRE_SPI\build\i #
#                    ar\hello_world\..\..\..\src\drivers\SPI\" -I             #
#                    "E:\完成设计的产品\K60资料\OLED资料                      #
#                    (1)\OLED客户资料-1406\OLED程序例程\K60_4WIRE_SPI\build\i #
#                    ar\hello_world\..\..\..\src\drivers\OLED\" -I            #
#                    "E:\完成设计的产品\K60资料\OLED资料                      #
#                    (1)\OLED客户资料-1406\OLED程序例程\K60_4WIRE_SPI\build\i #
#                    ar\hello_world\..\" -Ol --use_c++_inline                 #
#    List file    =  E:\完成设计的产品\K60资料\OLED资料                       #
#                    (1)\OLED客户资料-1406\OLED程序例程\K60_4WIRE_SPI\build\i #
#                    ar\hello_world\FLASH_512KB_PFLASH\List\hello_world.lst   #
#    Object file  =  E:\完成设计的产品\K60资料\OLED资料                       #
#                    (1)\OLED客户资料-1406\OLED程序例程\K60_4WIRE_SPI\build\i #
#                    ar\hello_world\FLASH_512KB_PFLASH\Obj\hello_world.o      #
#                                                                             #
#                                                                             #
###############################################################################

E:\完成设计的产品\K60资料\OLED资料 (1)\OLED客户资料-1406\OLED程序例程\K60_4WIRE_SPI\src\projects\hello_world\hello_world.c
      1          /*
      2           * File:		hello_world.c
      3           * Purpose:		Main process
      4           *
      5           */
      6          
      7          #include "common.h"
      8          #include"HAL_SPI.h"
      9          #include "SPI_FLASH.H"
     10          #include "uart.h"
     11          #include "sysinit.h"
     12          #include "start.h"
     13          

   \                                 In section .bss, align 4
     14          unsigned long Time;
   \                     Time:
   \   00000000                      DS8 4
     15          /********************************************************************/

   \                                 In section .text, align 4, keep-with-next
     16          void main (void)
     17          {
   \                     main:
   \   00000000   0xB580             PUSH     {R7,LR}
     18                   gpio_init  (PORTB,23,GPO,HIGH); //初始化LED1引脚
   \   00000002   0x2301             MOVS     R3,#+1
   \   00000004   0x2201             MOVS     R2,#+1
   \   00000006   0x2117             MOVS     R1,#+23
   \   00000008   0x2001             MOVS     R0,#+1
   \   0000000A   0x.... 0x....      BL       gpio_init
     19                
     20                   gpio_init  (PORTB,22,GPO,HIGH); //初始化LED2/C引脚
   \   0000000E   0x2301             MOVS     R3,#+1
   \   00000010   0x2201             MOVS     R2,#+1
   \   00000012   0x2116             MOVS     R1,#+22
   \   00000014   0x2001             MOVS     R0,#+1
   \   00000016   0x.... 0x....      BL       gpio_init
     21                   
     22                  SPI_Init(SPI0, SPI_SCK_DIV_512, 1); //选择SPI0 100Mhz /64 = 1.5Mhz
   \   0000001A   0x2201             MOVS     R2,#+1
   \   0000001C   0x2109             MOVS     R1,#+9
   \   0000001E   0x2000             MOVS     R0,#+0
   \   00000020   0x.... 0x....      BL       SPI_Init
     23                  
     24                  OLED_Init();			//初始化OLED      
   \   00000024   0x.... 0x....      BL       OLED_Init
     25            	OLED_ShowString(1,0, "0.96' OLED TEST");  
   \   00000028   0x4A40             LDR.N    R2,??main_0
   \   0000002A   0x2100             MOVS     R1,#+0
   \   0000002C   0x2001             MOVS     R0,#+1
   \   0000002E   0x.... 0x....      BL       OLED_ShowString
     26            	OLED_ShowString(1,16,"mcudev.taobao");  
   \   00000032   0x4A3F             LDR.N    R2,??main_0+0x4
   \   00000034   0x2110             MOVS     R1,#+16
   \   00000036   0x2001             MOVS     R0,#+1
   \   00000038   0x.... 0x....      BL       OLED_ShowString
     27            	//"欢迎光临");  
     28                  OLED_ShowCHinese(1,32,0);
   \   0000003C   0x2200             MOVS     R2,#+0
   \   0000003E   0x2120             MOVS     R1,#+32
   \   00000040   0x2001             MOVS     R0,#+1
   \   00000042   0x.... 0x....      BL       OLED_ShowCHinese
     29                   OLED_ShowCHinese(16,32,0);
   \   00000046   0x2200             MOVS     R2,#+0
   \   00000048   0x2120             MOVS     R1,#+32
   \   0000004A   0x2010             MOVS     R0,#+16
   \   0000004C   0x.... 0x....      BL       OLED_ShowCHinese
     30                    OLED_ShowCHinese(32,32,1);
   \   00000050   0x2201             MOVS     R2,#+1
   \   00000052   0x2120             MOVS     R1,#+32
   \   00000054   0x2020             MOVS     R0,#+32
   \   00000056   0x.... 0x....      BL       OLED_ShowCHinese
     31                     OLED_ShowCHinese(48,32,2);
   \   0000005A   0x2202             MOVS     R2,#+2
   \   0000005C   0x2120             MOVS     R1,#+32
   \   0000005E   0x2030             MOVS     R0,#+48
   \   00000060   0x.... 0x....      BL       OLED_ShowCHinese
     32                      OLED_ShowCHinese(64,32,3);
   \   00000064   0x2203             MOVS     R2,#+3
   \   00000066   0x2120             MOVS     R1,#+32
   \   00000068   0x2040             MOVS     R0,#+64
   \   0000006A   0x.... 0x....      BL       OLED_ShowCHinese
     33                       OLED_ShowCHinese(80,32,4);
   \   0000006E   0x2204             MOVS     R2,#+4
   \   00000070   0x2120             MOVS     R1,#+32
   \   00000072   0x2050             MOVS     R0,#+80
   \   00000074   0x.... 0x....      BL       OLED_ShowCHinese
     34                       OLED_ShowCHinese(96,32,0);
   \   00000078   0x2200             MOVS     R2,#+0
   \   0000007A   0x2120             MOVS     R1,#+32
   \   0000007C   0x2060             MOVS     R0,#+96
   \   0000007E   0x.... 0x....      BL       OLED_ShowCHinese
     35                       OLED_ShowCHinese(112,32,0);
   \   00000082   0x2200             MOVS     R2,#+0
   \   00000084   0x2120             MOVS     R1,#+32
   \   00000086   0x2070             MOVS     R0,#+112
   \   00000088   0x.... 0x....      BL       OLED_ShowCHinese
     36                       
     37                  
     38                  
     39                  OLED_ShowString(1,48,"         2014-05");    
   \   0000008C   0x4A29             LDR.N    R2,??main_0+0x8
   \   0000008E   0x2130             MOVS     R1,#+48
   \   00000090   0x2001             MOVS     R0,#+1
   \   00000092   0x.... 0x....      BL       OLED_ShowString
   \   00000096   0xE011             B.N      ??main_1
     40          
     41                  
     42          	while(1)
     43          	{
     44          	
     45                    GPIO_SET(PORTB,23,0);//LED灯
     46                    
     47                   for(Time=0;Time<0xfffff;Time++);//延时
     48                    
     49                    GPIO_SET(PORTB,23,1);
     50                    
     51                   for(Time=0;Time<0xfffff;Time++);//延时
     52                     
     53                    GPIO_SET(PORTB,22,0);//LED灯
     54                    
     55                  for(Time=0;Time<0xfffff;Time++);//延时
   \                     ??main_2:
   \   00000098   0x4827             LDR.N    R0,??main_0+0xC
   \   0000009A   0x6800             LDR      R0,[R0, #+0]
   \   0000009C   0x1C40             ADDS     R0,R0,#+1
   \   0000009E   0x4926             LDR.N    R1,??main_0+0xC
   \   000000A0   0x6008             STR      R0,[R1, #+0]
   \                     ??main_3:
   \   000000A2   0x4825             LDR.N    R0,??main_0+0xC
   \   000000A4   0x6800             LDR      R0,[R0, #+0]
   \   000000A6   0x4925             LDR.N    R1,??main_0+0x10  ;; 0xfffff
   \   000000A8   0x4288             CMP      R0,R1
   \   000000AA   0xD3F5             BCC.N    ??main_2
     56              
     57                    GPIO_SET(PORTB,22,1);
   \   000000AC   0x4824             LDR.N    R0,??main_0+0x14
   \   000000AE   0x6840             LDR      R0,[R0, #+4]
   \   000000B0   0x6800             LDR      R0,[R0, #+0]
   \   000000B2   0xF450 0x0080      ORRS     R0,R0,#0x400000
   \   000000B6   0x4922             LDR.N    R1,??main_0+0x14
   \   000000B8   0x6849             LDR      R1,[R1, #+4]
   \   000000BA   0x6008             STR      R0,[R1, #+0]
   \                     ??main_1:
   \   000000BC   0x4820             LDR.N    R0,??main_0+0x14
   \   000000BE   0x6840             LDR      R0,[R0, #+4]
   \   000000C0   0x6800             LDR      R0,[R0, #+0]
   \   000000C2   0xF430 0x0000      BICS     R0,R0,#0x800000
   \   000000C6   0x491E             LDR.N    R1,??main_0+0x14
   \   000000C8   0x6849             LDR      R1,[R1, #+4]
   \   000000CA   0x6008             STR      R0,[R1, #+0]
   \   000000CC   0x481A             LDR.N    R0,??main_0+0xC
   \   000000CE   0x2100             MOVS     R1,#+0
   \   000000D0   0x6001             STR      R1,[R0, #+0]
   \   000000D2   0xE004             B.N      ??main_4
   \                     ??main_5:
   \   000000D4   0x4818             LDR.N    R0,??main_0+0xC
   \   000000D6   0x6800             LDR      R0,[R0, #+0]
   \   000000D8   0x1C40             ADDS     R0,R0,#+1
   \   000000DA   0x4917             LDR.N    R1,??main_0+0xC
   \   000000DC   0x6008             STR      R0,[R1, #+0]
   \                     ??main_4:
   \   000000DE   0x4816             LDR.N    R0,??main_0+0xC
   \   000000E0   0x6800             LDR      R0,[R0, #+0]
   \   000000E2   0x4916             LDR.N    R1,??main_0+0x10  ;; 0xfffff
   \   000000E4   0x4288             CMP      R0,R1
   \   000000E6   0xD3F5             BCC.N    ??main_5
   \   000000E8   0x4815             LDR.N    R0,??main_0+0x14
   \   000000EA   0x6840             LDR      R0,[R0, #+4]
   \   000000EC   0x6800             LDR      R0,[R0, #+0]
   \   000000EE   0xF450 0x0000      ORRS     R0,R0,#0x800000
   \   000000F2   0x4913             LDR.N    R1,??main_0+0x14
   \   000000F4   0x6849             LDR      R1,[R1, #+4]
   \   000000F6   0x6008             STR      R0,[R1, #+0]
   \   000000F8   0x480F             LDR.N    R0,??main_0+0xC
   \   000000FA   0x2100             MOVS     R1,#+0
   \   000000FC   0x6001             STR      R1,[R0, #+0]
   \   000000FE   0xE004             B.N      ??main_6
   \                     ??main_7:
   \   00000100   0x480D             LDR.N    R0,??main_0+0xC
   \   00000102   0x6800             LDR      R0,[R0, #+0]
   \   00000104   0x1C40             ADDS     R0,R0,#+1
   \   00000106   0x490C             LDR.N    R1,??main_0+0xC
   \   00000108   0x6008             STR      R0,[R1, #+0]
   \                     ??main_6:
   \   0000010A   0x480B             LDR.N    R0,??main_0+0xC
   \   0000010C   0x6800             LDR      R0,[R0, #+0]
   \   0000010E   0x490B             LDR.N    R1,??main_0+0x10  ;; 0xfffff
   \   00000110   0x4288             CMP      R0,R1
   \   00000112   0xD3F5             BCC.N    ??main_7
   \   00000114   0x480A             LDR.N    R0,??main_0+0x14
   \   00000116   0x6840             LDR      R0,[R0, #+4]
   \   00000118   0x6800             LDR      R0,[R0, #+0]
   \   0000011A   0xF430 0x0080      BICS     R0,R0,#0x400000
   \   0000011E   0x4908             LDR.N    R1,??main_0+0x14
   \   00000120   0x6849             LDR      R1,[R1, #+4]
   \   00000122   0x6008             STR      R0,[R1, #+0]
   \   00000124   0x4804             LDR.N    R0,??main_0+0xC
   \   00000126   0x2100             MOVS     R1,#+0
   \   00000128   0x6001             STR      R1,[R0, #+0]
   \   0000012A   0xE7BA             B.N      ??main_3
   \                     ??main_0:
   \   0000012C   0x........         DC32     `?<Constant "0.96\\' OLED TEST">`
   \   00000130   0x........         DC32     `?<Constant "mcudev.taobao">`
   \   00000134   0x........         DC32     `?<Constant "         2014-05">`
   \   00000138   0x........         DC32     Time
   \   0000013C   0x000FFFFF         DC32     0xfffff
   \   00000140   0x........         DC32     GPIOx
     58                   
     59                    
     60                    
     61          	} 
     62          }

   \                                 In section .rodata, align 4
   \                     `?<Constant "0.96\\' OLED TEST">`:
   \   00000000   0x30 0x2E          DC8 "0.96' OLED TEST"
   \              0x39 0x36    
   \              0x27 0x20    
   \              0x4F 0x4C    
   \              0x45 0x44    
   \              0x20 0x54    
   \              0x45 0x53    
   \              0x54 0x00    

   \                                 In section .rodata, align 4
   \                     `?<Constant "mcudev.taobao">`:
   \   00000000   0x6D 0x63          DC8 "mcudev.taobao"
   \              0x75 0x64    
   \              0x65 0x76    
   \              0x2E 0x74    
   \              0x61 0x6F    
   \              0x62 0x61    
   \              0x6F 0x00    
   \   0000000E   0x00 0x00          DC8 0, 0

   \                                 In section .rodata, align 4
   \                     `?<Constant "         2014-05">`:
   \   00000000   0x20 0x20          DC8 "         2014-05"
   \              0x20 0x20    
   \              0x20 0x20    
   \              0x20 0x20    
   \              0x20 0x32    
   \              0x30 0x31    
   \              0x34 0x2D    
   \              0x30 0x35    
   \              0x00         
   \   00000011   0x00 0x00          DC8 0, 0, 0
   \              0x00         
     63          
     64          
     65          
     66          
     67          
     68          
     69          
     70          
     71          /********************************************************************/

   Maximum stack usage in bytes:

   .cstack Function
   ------- --------
        8  main
             8 -> OLED_Init
             8 -> OLED_ShowCHinese
             8 -> OLED_ShowString
             8 -> SPI_Init
             8 -> gpio_init


   Section sizes:

   Bytes  Function/Label
   -----  --------------
      20  ?<Constant "         2014-05">
      16  ?<Constant "0.96\' OLED TEST">
      16  ?<Constant "mcudev.taobao">
       4  Time
     324  main

 
   4 bytes in section .bss
  52 bytes in section .rodata
 324 bytes in section .text
 
 324 bytes of CODE  memory
  52 bytes of CONST memory
   4 bytes of DATA  memory

Errors: none
Warnings: none
