###############################################################################
#                                                                             #
#                                                       08/Jul/2014  15:37:31 #
# IAR ANSI C/C++ Compiler V6.30.6.23336/W32 EVALUATION for ARM                #
# Copyright 1999-2012 IAR Systems AB.                                         #
#                                                                             #
#    Cpu mode     =  thumb                                                    #
#    Endian       =  little                                                   #
#    Source file  =  E:\完成设计的产品\K60资料\OLED资料                       #
#                    (1)\OLED客户资料-1406\OLED程序例程\K60_4WIRE_SPI\src\com #
#                    mon\io.c                                                 #
#    Command line =  "E:\完成设计的产品\K60资料\OLED资料                      #
#                    (1)\OLED客户资料-1406\OLED程序例程\K60_4WIRE_SPI\src\com #
#                    mon\io.c" -D IAR -D TWR_K60N512 -lCN                     #
#                    "E:\完成设计的产品\K60资料\OLED资料                      #
#                    (1)\OLED客户资料-1406\OLED程序例程\K60_4WIRE_SPI\build\i #
#                    ar\hello_world\FLASH_512KB_PFLASH\List\" -lB             #
#                    "E:\完成设计的产品\K60资料\OLED资料                      #
#                    (1)\OLED客户资料-1406\OLED程序例程\K60_4WIRE_SPI\build\i #
#                    ar\hello_world\FLASH_512KB_PFLASH\List\" -o              #
#                    "E:\完成设计的产品\K60资料\OLED资料                      #
#                    (1)\OLED客户资料-1406\OLED程序例程\K60_4WIRE_SPI\build\i #
#                    ar\hello_world\FLASH_512KB_PFLASH\Obj\" --no_cse         #
#                    --no_unroll --no_inline --no_code_motion --no_tbaa       #
#                    --no_clustering --no_scheduling --debug --endian=little  #
#                    --cpu=Cortex-M4 -e --fpu=None --dlib_config              #
#                    C:\IAR\arm\INC\c\DLib_Config_Normal.h -I                 #
#                    "E:\完成设计的产品\K60资料\OLED资料                      #
#                    (1)\OLED客户资料-1406\OLED程序例程\K60_4WIRE_SPI\build\i #
#                    ar\hello_world\..\..\..\src\projects\hello_world\" -I    #
#                    "E:\完成设计的产品\K60资料\OLED资料                      #
#                    (1)\OLED客户资料-1406\OLED程序例程\K60_4WIRE_SPI\build\i #
#                    ar\hello_world\..\..\..\src\common\" -I                  #
#                    "E:\完成设计的产品\K60资料\OLED资料                      #
#                    (1)\OLED客户资料-1406\OLED程序例程\K60_4WIRE_SPI\build\i #
#                    ar\hello_world\..\..\..\src\cpu\" -I                     #
#                    "E:\完成设计的产品\K60资料\OLED资料                      #
#                    (1)\OLED客户资料-1406\OLED程序例程\K60_4WIRE_SPI\build\i #
#                    ar\hello_world\..\..\..\src\cpu\headers\" -I             #
#                    "E:\完成设计的产品\K60资料\OLED资料                      #
#                    (1)\OLED客户资料-1406\OLED程序例程\K60_4WIRE_SPI\build\i #
#                    ar\hello_world\..\..\..\src\drivers\adc16\" -I           #
#                    "E:\完成设计的产品\K60资料\OLED资料                      #
#                    (1)\OLED客户资料-1406\OLED程序例程\K60_4WIRE_SPI\build\i #
#                    ar\hello_world\..\..\..\src\drivers\enet\" -I            #
#                    "E:\完成设计的产品\K60资料\OLED资料                      #
#                    (1)\OLED客户资料-1406\OLED程序例程\K60_4WIRE_SPI\build\i #
#                    ar\hello_world\..\..\..\src\drivers\pmc\" -I             #
#                    "E:\完成设计的产品\K60资料\OLED资料                      #
#                    (1)\OLED客户资料-1406\OLED程序例程\K60_4WIRE_SPI\build\i #
#                    ar\hello_world\..\..\..\src\drivers\rtc\" -I             #
#                    "E:\完成设计的产品\K60资料\OLED资料                      #
#                    (1)\OLED客户资料-1406\OLED程序例程\K60_4WIRE_SPI\build\i #
#                    ar\hello_world\..\..\..\src\drivers\lptmr\" -I           #
#                    "E:\完成设计的产品\K60资料\OLED资料                      #
#                    (1)\OLED客户资料-1406\OLED程序例程\K60_4WIRE_SPI\build\i #
#                    ar\hello_world\..\..\..\src\drivers\uart\" -I            #
#                    "E:\完成设计的产品\K60资料\OLED资料                      #
#                    (1)\OLED客户资料-1406\OLED程序例程\K60_4WIRE_SPI\build\i #
#                    ar\hello_world\..\..\..\src\drivers\mcg\" -I             #
#                    "E:\完成设计的产品\K60资料\OLED资料                      #
#                    (1)\OLED客户资料-1406\OLED程序例程\K60_4WIRE_SPI\build\i #
#                    ar\hello_world\..\..\..\src\drivers\wdog\" -I            #
#                    "E:\完成设计的产品\K60资料\OLED资料                      #
#                    (1)\OLED客户资料-1406\OLED程序例程\K60_4WIRE_SPI\build\i #
#                    ar\hello_world\..\..\..\src\platforms\" -I               #
#                    "E:\完成设计的产品\K60资料\OLED资料                      #
#                    (1)\OLED客户资料-1406\OLED程序例程\K60_4WIRE_SPI\build\i #
#                    ar\hello_world\..\..\..\src\drivers\ftm\" -I             #
#                    "E:\完成设计的产品\K60资料\OLED资料                      #
#                    (1)\OLED客户资料-1406\OLED程序例程\K60_4WIRE_SPI\build\i #
#                    ar\hello_world\..\..\..\src\drivers\SPI\" -I             #
#                    "E:\完成设计的产品\K60资料\OLED资料                      #
#                    (1)\OLED客户资料-1406\OLED程序例程\K60_4WIRE_SPI\build\i #
#                    ar\hello_world\..\..\..\src\drivers\OLED\" -I            #
#                    "E:\完成设计的产品\K60资料\OLED资料                      #
#                    (1)\OLED客户资料-1406\OLED程序例程\K60_4WIRE_SPI\build\i #
#                    ar\hello_world\..\" -Ol --use_c++_inline                 #
#    List file    =  E:\完成设计的产品\K60资料\OLED资料                       #
#                    (1)\OLED客户资料-1406\OLED程序例程\K60_4WIRE_SPI\build\i #
#                    ar\hello_world\FLASH_512KB_PFLASH\List\io.lst            #
#    Object file  =  E:\完成设计的产品\K60资料\OLED资料                       #
#                    (1)\OLED客户资料-1406\OLED程序例程\K60_4WIRE_SPI\build\i #
#                    ar\hello_world\FLASH_512KB_PFLASH\Obj\io.o               #
#                                                                             #
#                                                                             #
###############################################################################

E:\完成设计的产品\K60资料\OLED资料 (1)\OLED客户资料-1406\OLED程序例程\K60_4WIRE_SPI\src\common\io.c
      1          /*
      2           * File:		io.c
      3           * Purpose:		Serial Input/Output routines
      4           *
      5           * Notes:       TERMINAL_PORT defined in <board>.h
      6           */
      7          
      8          #include "common.h"
      9          #include "uart.h"
     10          
     11          
     12          

   \                                 In section .data, align 4
     13          volatile struct GPIO_MemMap *GPIOx[5] = {PTA_BASE_PTR, PTB_BASE_PTR, PTC_BASE_PTR, PTD_BASE_PTR, PTE_BASE_PTR}; //定义五个指针数组保存 GPIOx 的地址
   \                     GPIOx:
   \   00000000   0x400FF000         DC32 400FF000H, 400FF040H, 400FF080H, 400FF0C0H, 400FF100H
   \              0x400FF040   
   \              0x400FF080   
   \              0x400FF0C0   
   \              0x400FF100   

   \                                 In section .data, align 4
     14          volatile struct PORT_MemMap *PORTX[5] = {PORTA_BASE_PTR, PORTB_BASE_PTR, PORTC_BASE_PTR, PORTD_BASE_PTR, PORTE_BASE_PTR};
   \                     PORTX:
   \   00000000   0x40049000         DC32 40049000H, 4004A000H, 4004B000H, 4004C000H, 4004D000H
   \              0x4004A000   
   \              0x4004B000   
   \              0x4004C000   
   \              0x4004D000   
     15          
     16          /*************************************************************************
     17          *
     18          *  函数名称：gpio_init
     19          *  功能说明：初始化gpio
     20          *  参数说明：PORTx       端口号（PORTA,PORTB,PORTC,PORTD,PORTE）
     21          *            n           端口引脚
     22          *            IO          引脚方向,0=输入,1=输出
     23          *            data        输出初始状态,0=低电平,1=高电平 （对输入无效）
     24          *  函数返回：无
     25          *  修改时间：2012-1-15   已测试
     26          *  备    注：
     27          *************************************************************************/

   \                                 In section .text, align 2, keep-with-next
     28          void gpio_init (PORTx portx, u8 n, GPIO_CFG cfg, u8 data)
     29          {
   \                     gpio_init:
   \   00000000   0xB5F8             PUSH     {R3-R7,LR}
   \   00000002   0x0004             MOVS     R4,R0
   \   00000004   0x000D             MOVS     R5,R1
   \   00000006   0x0016             MOVS     R6,R2
   \   00000008   0x001F             MOVS     R7,R3
     30              ASSERT( (n < 32u)  && (data < 2u) );           //使用断言检查输入、电平 是否为1bit
   \   0000000A   0xB2ED             UXTB     R5,R5            ;; ZeroExt  R5,R5,#+24,#+24
   \   0000000C   0x2D20             CMP      R5,#+32
   \   0000000E   0xD202             BCS.N    ??gpio_init_0
   \   00000010   0xB2FF             UXTB     R7,R7            ;; ZeroExt  R7,R7,#+24,#+24
   \   00000012   0x2F02             CMP      R7,#+2
   \   00000014   0xD303             BCC.N    ??gpio_init_1
   \                     ??gpio_init_0:
   \   00000016   0x211E             MOVS     R1,#+30
   \   00000018   0x....             LDR.N    R0,??DataTable6
   \   0000001A   0x.... 0x....      BL       assert_failed
     31          
     32              //选择功能脚 PORTx_PCRx ，每个端口都有个寄存器 PORTx_PCRx
     33              PORT_PCR_REG(PORTX[portx], n) = (0 | PORT_PCR_MUX(1) | cfg);
   \                     ??gpio_init_1:
   \   0000001E   0xB2ED             UXTB     R5,R5            ;; ZeroExt  R5,R5,#+24,#+24
   \   00000020   0xB2E4             UXTB     R4,R4            ;; ZeroExt  R4,R4,#+24,#+24
   \   00000022   0x....             LDR.N    R0,??DataTable6_1
   \   00000024   0xF850 0x0024      LDR      R0,[R0, R4, LSL #+2]
   \   00000028   0xB2F6             UXTB     R6,R6            ;; ZeroExt  R6,R6,#+24,#+24
   \   0000002A   0xF44F 0x7180      MOV      R1,#+256
   \   0000002E   0x4331             ORRS     R1,R1,R6
   \   00000030   0xF840 0x1025      STR      R1,[R0, R5, LSL #+2]
     34          
     35              //端口方向控制输入还是输出
     36              if( ( (cfg & 0x01) == GPI) || (cfg == GPI_UP) ||     (cfg == GPI_UP_PF)      )
   \   00000034   0x07F0             LSLS     R0,R6,#+31
   \   00000036   0xD505             BPL.N    ??gpio_init_2
   \   00000038   0xB2F6             UXTB     R6,R6            ;; ZeroExt  R6,R6,#+24,#+24
   \   0000003A   0x2E03             CMP      R6,#+3
   \   0000003C   0xD002             BEQ.N    ??gpio_init_2
   \   0000003E   0xB2F6             UXTB     R6,R6            ;; ZeroExt  R6,R6,#+24,#+24
   \   00000040   0x2E13             CMP      R6,#+19
   \   00000042   0xD10D             BNE.N    ??gpio_init_3
     37                  //   最低位为0则输入   ||   输入上拉模式  ||   输入上拉，带无源滤波器
     38              {
     39                  GPIO_PDDR_REG(GPIOx[portx]) &= ~(1 << n);  //设置端口方向为输入
   \                     ??gpio_init_2:
   \   00000044   0xB2E4             UXTB     R4,R4            ;; ZeroExt  R4,R4,#+24,#+24
   \   00000046   0x....             LDR.N    R0,??DataTable6_2
   \   00000048   0xF850 0x0024      LDR      R0,[R0, R4, LSL #+2]
   \   0000004C   0x6940             LDR      R0,[R0, #+20]
   \   0000004E   0x2101             MOVS     R1,#+1
   \   00000050   0x40A9             LSLS     R1,R1,R5
   \   00000052   0x4388             BICS     R0,R0,R1
   \   00000054   0xB2E4             UXTB     R4,R4            ;; ZeroExt  R4,R4,#+24,#+24
   \   00000056   0x....             LDR.N    R1,??DataTable6_2
   \   00000058   0xF851 0x1024      LDR      R1,[R1, R4, LSL #+2]
   \   0000005C   0x6148             STR      R0,[R1, #+20]
   \   0000005E   0xE02A             B.N      ??gpio_init_4
     40              }
     41              else
     42              {
     43                  GPIO_PDDR_REG(GPIOx[portx]) |= (1 << n);    //设置端口方向为输出
   \                     ??gpio_init_3:
   \   00000060   0xB2E4             UXTB     R4,R4            ;; ZeroExt  R4,R4,#+24,#+24
   \   00000062   0x....             LDR.N    R0,??DataTable6_2
   \   00000064   0xF850 0x0024      LDR      R0,[R0, R4, LSL #+2]
   \   00000068   0x6940             LDR      R0,[R0, #+20]
   \   0000006A   0x2101             MOVS     R1,#+1
   \   0000006C   0x40A9             LSLS     R1,R1,R5
   \   0000006E   0x4308             ORRS     R0,R1,R0
   \   00000070   0xB2E4             UXTB     R4,R4            ;; ZeroExt  R4,R4,#+24,#+24
   \   00000072   0x....             LDR.N    R1,??DataTable6_2
   \   00000074   0xF851 0x1024      LDR      R1,[R1, R4, LSL #+2]
   \   00000078   0x6148             STR      R0,[R1, #+20]
     44                  if(data == 1)//output
   \   0000007A   0xB2FF             UXTB     R7,R7            ;; ZeroExt  R7,R7,#+24,#+24
   \   0000007C   0x2F01             CMP      R7,#+1
   \   0000007E   0xD10D             BNE.N    ??gpio_init_5
     45                  {
     46                      GPIO_SET(portx, n, 1);                  //对端口输出控制，输出为1
   \   00000080   0xB2E4             UXTB     R4,R4            ;; ZeroExt  R4,R4,#+24,#+24
   \   00000082   0x....             LDR.N    R0,??DataTable6_2
   \   00000084   0xF850 0x0024      LDR      R0,[R0, R4, LSL #+2]
   \   00000088   0x6800             LDR      R0,[R0, #+0]
   \   0000008A   0x2101             MOVS     R1,#+1
   \   0000008C   0x40A9             LSLS     R1,R1,R5
   \   0000008E   0x4308             ORRS     R0,R1,R0
   \   00000090   0xB2E4             UXTB     R4,R4            ;; ZeroExt  R4,R4,#+24,#+24
   \   00000092   0x....             LDR.N    R1,??DataTable6_2
   \   00000094   0xF851 0x1024      LDR      R1,[R1, R4, LSL #+2]
   \   00000098   0x6008             STR      R0,[R1, #+0]
   \   0000009A   0xE00C             B.N      ??gpio_init_4
     47                  }
     48                  else
     49                  {
     50                      GPIO_SET(portx, n, 0);                  //对端口输出控制，输出为0
   \                     ??gpio_init_5:
   \   0000009C   0xB2E4             UXTB     R4,R4            ;; ZeroExt  R4,R4,#+24,#+24
   \   0000009E   0x....             LDR.N    R0,??DataTable6_2
   \   000000A0   0xF850 0x0024      LDR      R0,[R0, R4, LSL #+2]
   \   000000A4   0x6800             LDR      R0,[R0, #+0]
   \   000000A6   0x2101             MOVS     R1,#+1
   \   000000A8   0x40A9             LSLS     R1,R1,R5
   \   000000AA   0x4388             BICS     R0,R0,R1
   \   000000AC   0xB2E4             UXTB     R4,R4            ;; ZeroExt  R4,R4,#+24,#+24
   \   000000AE   0x....             LDR.N    R1,??DataTable6_2
   \   000000B0   0xF851 0x1024      LDR      R1,[R1, R4, LSL #+2]
   \   000000B4   0x6008             STR      R0,[R1, #+0]
     51                  }
     52              }
     53          }
   \                     ??gpio_init_4:
   \   000000B6   0xBDF1             POP      {R0,R4-R7,PC}    ;; return
     54          
     55          /*************************************************************************
     56          *
     57          *  函数名称：gpio_set
     58          *  功能说明：设置引脚状态
     59          *  参数说明：PORTx       端口号（PORTA,PORTB,PORTC,PORTD,PORTE）
     60          *            n           端口引脚
     61          *            data        输出初始状态,0=低电平,1=高电平
     62          *  函数返回：无
     63          *  修改时间：2012-1-16   已测试
     64          *  备    注：
     65          *************************************************************************/

   \                                 In section .text, align 2, keep-with-next
     66          void gpio_set (PORTx portx, u8 n, u8 data)
     67          {
   \                     gpio_set:
   \   00000000   0xB570             PUSH     {R4-R6,LR}
   \   00000002   0x0004             MOVS     R4,R0
   \   00000004   0x000D             MOVS     R5,R1
   \   00000006   0x0016             MOVS     R6,R2
     68              ASSERT( (n < 32u)  && (data < 2u) );           //使用断言检查输入、电平 是否为1bit
   \   00000008   0xB2ED             UXTB     R5,R5            ;; ZeroExt  R5,R5,#+24,#+24
   \   0000000A   0x2D20             CMP      R5,#+32
   \   0000000C   0xD202             BCS.N    ??gpio_set_0
   \   0000000E   0xB2F6             UXTB     R6,R6            ;; ZeroExt  R6,R6,#+24,#+24
   \   00000010   0x2E02             CMP      R6,#+2
   \   00000012   0xD303             BCC.N    ??gpio_set_1
   \                     ??gpio_set_0:
   \   00000014   0x2144             MOVS     R1,#+68
   \   00000016   0x....             LDR.N    R0,??DataTable6
   \   00000018   0x.... 0x....      BL       assert_failed
     69          
     70              if(data == 1)               //输出
   \                     ??gpio_set_1:
   \   0000001C   0xB2F6             UXTB     R6,R6            ;; ZeroExt  R6,R6,#+24,#+24
   \   0000001E   0x2E01             CMP      R6,#+1
   \   00000020   0xD10D             BNE.N    ??gpio_set_2
     71                  GPIO_SET(portx, n, 1);  //GPIO_PDOR_REG(PORTx) |= (1<<n);
   \   00000022   0xB2E4             UXTB     R4,R4            ;; ZeroExt  R4,R4,#+24,#+24
   \   00000024   0x....             LDR.N    R0,??DataTable6_2
   \   00000026   0xF850 0x0024      LDR      R0,[R0, R4, LSL #+2]
   \   0000002A   0x6800             LDR      R0,[R0, #+0]
   \   0000002C   0x2101             MOVS     R1,#+1
   \   0000002E   0x40A9             LSLS     R1,R1,R5
   \   00000030   0x4308             ORRS     R0,R1,R0
   \   00000032   0xB2E4             UXTB     R4,R4            ;; ZeroExt  R4,R4,#+24,#+24
   \   00000034   0x....             LDR.N    R1,??DataTable6_2
   \   00000036   0xF851 0x1024      LDR      R1,[R1, R4, LSL #+2]
   \   0000003A   0x6008             STR      R0,[R1, #+0]
   \   0000003C   0xE00C             B.N      ??gpio_set_3
     72              else
     73                  GPIO_SET(portx, n, 0);  //GPIO_PDOR_REG(PORTx) &= ~(1<<n);
   \                     ??gpio_set_2:
   \   0000003E   0xB2E4             UXTB     R4,R4            ;; ZeroExt  R4,R4,#+24,#+24
   \   00000040   0x....             LDR.N    R0,??DataTable6_2
   \   00000042   0xF850 0x0024      LDR      R0,[R0, R4, LSL #+2]
   \   00000046   0x6800             LDR      R0,[R0, #+0]
   \   00000048   0x2101             MOVS     R1,#+1
   \   0000004A   0x40A9             LSLS     R1,R1,R5
   \   0000004C   0x4388             BICS     R0,R0,R1
   \   0000004E   0xB2E4             UXTB     R4,R4            ;; ZeroExt  R4,R4,#+24,#+24
   \   00000050   0x....             LDR.N    R1,??DataTable6_2
   \   00000052   0xF851 0x1024      LDR      R1,[R1, R4, LSL #+2]
   \   00000056   0x6008             STR      R0,[R1, #+0]
     74          }
   \                     ??gpio_set_3:
   \   00000058   0xBD70             POP      {R4-R6,PC}       ;; return
     75          
     76          /*************************************************************************
     77          *
     78          *  函数名称：gpio_turn
     79          *  功能说明：反转引脚状态
     80          *  参数说明：PORTx       端口号（PORTA,PORTB,PORTC,PORTD,PORTE）
     81          *            n           端口引脚
     82          *  函数返回：无
     83          *  修改时间：2012-1-15   已测试
     84          *  备    注：
     85          *************************************************************************/

   \                                 In section .text, align 2, keep-with-next
     86          void gpio_turn (PORTx portx, u8 n)
     87          {
   \                     gpio_turn:
   \   00000000   0xB538             PUSH     {R3-R5,LR}
   \   00000002   0x0004             MOVS     R4,R0
   \   00000004   0x000D             MOVS     R5,R1
     88              ASSERT( n < 32u );           //使用断言检查引脚号
   \   00000006   0xB2ED             UXTB     R5,R5            ;; ZeroExt  R5,R5,#+24,#+24
   \   00000008   0x2D20             CMP      R5,#+32
   \   0000000A   0xD303             BCC.N    ??gpio_turn_0
   \   0000000C   0x2158             MOVS     R1,#+88
   \   0000000E   0x....             LDR.N    R0,??DataTable6
   \   00000010   0x.... 0x....      BL       assert_failed
     89              GPIO_TURN(portx, n);
   \                     ??gpio_turn_0:
   \   00000014   0xB2E4             UXTB     R4,R4            ;; ZeroExt  R4,R4,#+24,#+24
   \   00000016   0x....             LDR.N    R0,??DataTable6_2
   \   00000018   0xF850 0x0024      LDR      R0,[R0, R4, LSL #+2]
   \   0000001C   0x6800             LDR      R0,[R0, #+0]
   \   0000001E   0x2101             MOVS     R1,#+1
   \   00000020   0x40A9             LSLS     R1,R1,R5
   \   00000022   0x4048             EORS     R0,R1,R0
   \   00000024   0xB2E4             UXTB     R4,R4            ;; ZeroExt  R4,R4,#+24,#+24
   \   00000026   0x....             LDR.N    R1,??DataTable6_2
   \   00000028   0xF851 0x1024      LDR      R1,[R1, R4, LSL #+2]
   \   0000002C   0x6008             STR      R0,[R1, #+0]
     90          }
   \   0000002E   0xBD31             POP      {R0,R4,R5,PC}    ;; return
     91          
     92          /*************************************************************************
     93          *
     94          *  函数名称：gpio_get
     95          *  功能说明：读取引脚输入状态
     96          *  参数说明：PORTx       端口号（PORTA,PORTB,PORTC,PORTD,PORTE）
     97          *            n           端口引脚
     98          *  函数返回：无
     99          *  修改时间：2012-1-15   已测试
    100          *  备    注：
    101          *************************************************************************/

   \                                 In section .text, align 2, keep-with-next
    102          u8 gpio_get(PORTx portx, u8 n)          //读取引脚状态
    103          {
   \                     gpio_get:
   \   00000000   0xB538             PUSH     {R3-R5,LR}
   \   00000002   0x0004             MOVS     R4,R0
   \   00000004   0x000D             MOVS     R5,R1
    104              ASSERT( n < 32u );                  //使用断言检查引脚号
   \   00000006   0xB2ED             UXTB     R5,R5            ;; ZeroExt  R5,R5,#+24,#+24
   \   00000008   0x2D20             CMP      R5,#+32
   \   0000000A   0xD303             BCC.N    ??gpio_get_0
   \   0000000C   0x2168             MOVS     R1,#+104
   \   0000000E   0x....             LDR.N    R0,??DataTable6
   \   00000010   0x.... 0x....      BL       assert_failed
    105              return GPIO_Get(portx, n);
   \                     ??gpio_get_0:
   \   00000014   0xB2E4             UXTB     R4,R4            ;; ZeroExt  R4,R4,#+24,#+24
   \   00000016   0x....             LDR.N    R0,??DataTable6_2
   \   00000018   0xF850 0x0024      LDR      R0,[R0, R4, LSL #+2]
   \   0000001C   0x6900             LDR      R0,[R0, #+16]
   \   0000001E   0x40E8             LSRS     R0,R0,R5
   \   00000020   0xF010 0x0001      ANDS     R0,R0,#0x1
   \   00000024   0xBD32             POP      {R1,R4,R5,PC}    ;; return
    106          }
    107          
    108          
    109          
    110          
    111          /********************************************************************/

   \                                 In section .text, align 2, keep-with-next
    112          char
    113          in_char (void)
    114          {
   \                     in_char:
   \   00000000   0xB580             PUSH     {R7,LR}
    115          	return uart_getchar(TERM_PORT);
   \   00000002   0x....             LDR.N    R0,??DataTable6_3  ;; 0x4006d000
   \   00000004   0x.... 0x....      BL       uart_getchar
   \   00000008   0xBD02             POP      {R1,PC}          ;; return
    116          }
    117          /********************************************************************/

   \                                 In section .text, align 2, keep-with-next
    118          void
    119          out_char (char ch)
    120          {
   \                     out_char:
   \   00000000   0xB580             PUSH     {R7,LR}
    121          	uart_putchar(TERM_PORT, ch);
   \   00000002   0x0001             MOVS     R1,R0
   \   00000004   0xB2C9             UXTB     R1,R1            ;; ZeroExt  R1,R1,#+24,#+24
   \   00000006   0x....             LDR.N    R0,??DataTable6_3  ;; 0x4006d000
   \   00000008   0x.... 0x....      BL       uart_putchar
    122          }
   \   0000000C   0xBD01             POP      {R0,PC}          ;; return
    123          /********************************************************************/

   \                                 In section .text, align 2, keep-with-next
    124          int
    125          char_present (void)
    126          {
   \                     char_present:
   \   00000000   0xB580             PUSH     {R7,LR}
    127          	return uart_getchar_present(TERM_PORT);
   \   00000002   0x....             LDR.N    R0,??DataTable6_3  ;; 0x4006d000
   \   00000004   0x.... 0x....      BL       uart_getchar_present
   \   00000008   0xBD02             POP      {R1,PC}          ;; return
    128          }

   \                                 In section .text, align 4, keep-with-next
   \                     ??DataTable6:
   \   00000000   0x........         DC32     `?<Constant "E:\\\\\\315\\352\\263\\311\\311\\350\\274\\3`

   \                                 In section .text, align 4, keep-with-next
   \                     ??DataTable6_1:
   \   00000000   0x........         DC32     PORTX

   \                                 In section .text, align 4, keep-with-next
   \                     ??DataTable6_2:
   \   00000000   0x........         DC32     GPIOx

   \                                 In section .text, align 4, keep-with-next
   \                     ??DataTable6_3:
   \   00000000   0x4006D000         DC32     0x4006d000

   \                                 In section .rodata, align 4
   \                     `?<Constant "E:\\\\\\315\\352\\263\\311\\311\\350\\274\\3`:
   \   00000000   0x45 0x3A          DC8 45H, 3AH, 5CH, 0CDH, 0EAH, 0B3H, 0C9H, 0C9H
   \              0x5C 0xCD    
   \              0xEA 0xB3    
   \              0xC9 0xC9    
   \   00000008   0xE8 0xBC          DC8 0E8H, 0BCH, 0C6H, 0B5H, 0C4H, 0B2H, 0FAH, 0C6H
   \              0xC6 0xB5    
   \              0xC4 0xB2    
   \              0xFA 0xC6    
   \   00000010   0xB7 0x5C          DC8 0B7H, 5CH, 4BH, 36H, 30H, 0D7H, 0CAH, 0C1H
   \              0x4B 0x36    
   \              0x30 0xD7    
   \              0xCA 0xC1    
   \   00000018   0xCF 0x5C          DC8 0CFH, 5CH, 4FH, 4CH, 45H, 44H, 0D7H, 0CAH
   \              0x4F 0x4C    
   \              0x45 0x44    
   \              0xD7 0xCA    
   \   00000020   0xC1 0xCF          DC8 0C1H, 0CFH, 20H, 28H, 31H, 29H, 5CH, 4FH
   \              0x20 0x28    
   \              0x31 0x29    
   \              0x5C 0x4F    
   \   00000028   0x4C 0x45          DC8 4CH, 45H, 44H, 0BFH, 0CDH, 0BBH, 0A7H, 0D7H
   \              0x44 0xBF    
   \              0xCD 0xBB    
   \              0xA7 0xD7    
   \   00000030   0xCA 0xC1          DC8 0CAH, 0C1H, 0CFH, 2DH, 31H, 34H, 30H, 36H
   \              0xCF 0x2D    
   \              0x31 0x34    
   \              0x30 0x36    
   \   00000038   0x5C 0x4F          DC8 5CH, 4FH, 4CH, 45H, 44H, 0B3H, 0CCH, 0D0H
   \              0x4C 0x45    
   \              0x44 0xB3    
   \              0xCC 0xD0    
   \   00000040   0xF2 0xC0          DC8 0F2H, 0C0H, 0FDH, 0B3H, 0CCH, 5CH, 4BH, 36H
   \              0xFD 0xB3    
   \              0xCC 0x5C    
   \              0x4B 0x36    
   \   00000048   0x30 0x5F          DC8 30H, 5FH, 34H, 57H, 49H, 52H, 45H, 5FH
   \              0x34 0x57    
   \              0x49 0x52    
   \              0x45 0x5F    
   \   00000050   0x53 0x50          DC8 53H, 50H, 49H, 5CH, 73H, 72H, 63H, 5CH
   \              0x49 0x5C    
   \              0x73 0x72    
   \              0x63 0x5C    
   \   00000058   0x63 0x6F          DC8 63H, 6FH, 6DH, 6DH, 6FH, 6EH, 5CH, 69H
   \              0x6D 0x6D    
   \              0x6F 0x6E    
   \              0x5C 0x69    
   \   00000060   0x6F 0x2E          DC8 6FH, 2EH, 63H, 0
   \              0x63 0x00    
    129          /********************************************************************/

   Maximum stack usage in bytes:

   .cstack Function
   ------- --------
        8  char_present
              8 -> uart_getchar_present
       16  gpio_get
             16 -> assert_failed
       24  gpio_init
             24 -> assert_failed
       16  gpio_set
             16 -> assert_failed
       16  gpio_turn
             16 -> assert_failed
        8  in_char
              8 -> uart_getchar
        8  out_char
              8 -> uart_putchar


   Section sizes:

   Bytes  Function/Label
   -----  --------------
     100  ?<Constant "E:\\\315\352\263\311\311\350\274\3
       4  ??DataTable6
       4  ??DataTable6_1
       4  ??DataTable6_2
       4  ??DataTable6_3
      20  GPIOx
      20  PORTX
      10  char_present
      38  gpio_get
     184  gpio_init
      90  gpio_set
      48  gpio_turn
      10  in_char
      14  out_char

 
  40 bytes in section .data
 100 bytes in section .rodata
 410 bytes in section .text
 
 410 bytes of CODE  memory
 100 bytes of CONST memory
  40 bytes of DATA  memory

Errors: none
Warnings: none
