###############################################################################
#                                                                             #
#                                                       08/Jul/2014  15:37:36 #
# IAR ANSI C/C++ Compiler V6.30.6.23336/W32 EVALUATION for ARM                #
# Copyright 1999-2012 IAR Systems AB.                                         #
#                                                                             #
#    Cpu mode     =  thumb                                                    #
#    Endian       =  little                                                   #
#    Source file  =  E:\完成设计的产品\K60资料\OLED资料                       #
#                    (1)\OLED客户资料-1406\OLED程序例程\K60_4WIRE_SPI\src\com #
#                    mon\printf.c                                             #
#    Command line =  "E:\完成设计的产品\K60资料\OLED资料                      #
#                    (1)\OLED客户资料-1406\OLED程序例程\K60_4WIRE_SPI\src\com #
#                    mon\printf.c" -D IAR -D TWR_K60N512 -lCN                 #
#                    "E:\完成设计的产品\K60资料\OLED资料                      #
#                    (1)\OLED客户资料-1406\OLED程序例程\K60_4WIRE_SPI\build\i #
#                    ar\hello_world\FLASH_512KB_PFLASH\List\" -lB             #
#                    "E:\完成设计的产品\K60资料\OLED资料                      #
#                    (1)\OLED客户资料-1406\OLED程序例程\K60_4WIRE_SPI\build\i #
#                    ar\hello_world\FLASH_512KB_PFLASH\List\" -o              #
#                    "E:\完成设计的产品\K60资料\OLED资料                      #
#                    (1)\OLED客户资料-1406\OLED程序例程\K60_4WIRE_SPI\build\i #
#                    ar\hello_world\FLASH_512KB_PFLASH\Obj\" --no_cse         #
#                    --no_unroll --no_inline --no_code_motion --no_tbaa       #
#                    --no_clustering --no_scheduling --debug --endian=little  #
#                    --cpu=Cortex-M4 -e --fpu=None --dlib_config              #
#                    C:\IAR\arm\INC\c\DLib_Config_Normal.h -I                 #
#                    "E:\完成设计的产品\K60资料\OLED资料                      #
#                    (1)\OLED客户资料-1406\OLED程序例程\K60_4WIRE_SPI\build\i #
#                    ar\hello_world\..\..\..\src\projects\hello_world\" -I    #
#                    "E:\完成设计的产品\K60资料\OLED资料                      #
#                    (1)\OLED客户资料-1406\OLED程序例程\K60_4WIRE_SPI\build\i #
#                    ar\hello_world\..\..\..\src\common\" -I                  #
#                    "E:\完成设计的产品\K60资料\OLED资料                      #
#                    (1)\OLED客户资料-1406\OLED程序例程\K60_4WIRE_SPI\build\i #
#                    ar\hello_world\..\..\..\src\cpu\" -I                     #
#                    "E:\完成设计的产品\K60资料\OLED资料                      #
#                    (1)\OLED客户资料-1406\OLED程序例程\K60_4WIRE_SPI\build\i #
#                    ar\hello_world\..\..\..\src\cpu\headers\" -I             #
#                    "E:\完成设计的产品\K60资料\OLED资料                      #
#                    (1)\OLED客户资料-1406\OLED程序例程\K60_4WIRE_SPI\build\i #
#                    ar\hello_world\..\..\..\src\drivers\adc16\" -I           #
#                    "E:\完成设计的产品\K60资料\OLED资料                      #
#                    (1)\OLED客户资料-1406\OLED程序例程\K60_4WIRE_SPI\build\i #
#                    ar\hello_world\..\..\..\src\drivers\enet\" -I            #
#                    "E:\完成设计的产品\K60资料\OLED资料                      #
#                    (1)\OLED客户资料-1406\OLED程序例程\K60_4WIRE_SPI\build\i #
#                    ar\hello_world\..\..\..\src\drivers\pmc\" -I             #
#                    "E:\完成设计的产品\K60资料\OLED资料                      #
#                    (1)\OLED客户资料-1406\OLED程序例程\K60_4WIRE_SPI\build\i #
#                    ar\hello_world\..\..\..\src\drivers\rtc\" -I             #
#                    "E:\完成设计的产品\K60资料\OLED资料                      #
#                    (1)\OLED客户资料-1406\OLED程序例程\K60_4WIRE_SPI\build\i #
#                    ar\hello_world\..\..\..\src\drivers\lptmr\" -I           #
#                    "E:\完成设计的产品\K60资料\OLED资料                      #
#                    (1)\OLED客户资料-1406\OLED程序例程\K60_4WIRE_SPI\build\i #
#                    ar\hello_world\..\..\..\src\drivers\uart\" -I            #
#                    "E:\完成设计的产品\K60资料\OLED资料                      #
#                    (1)\OLED客户资料-1406\OLED程序例程\K60_4WIRE_SPI\build\i #
#                    ar\hello_world\..\..\..\src\drivers\mcg\" -I             #
#                    "E:\完成设计的产品\K60资料\OLED资料                      #
#                    (1)\OLED客户资料-1406\OLED程序例程\K60_4WIRE_SPI\build\i #
#                    ar\hello_world\..\..\..\src\drivers\wdog\" -I            #
#                    "E:\完成设计的产品\K60资料\OLED资料                      #
#                    (1)\OLED客户资料-1406\OLED程序例程\K60_4WIRE_SPI\build\i #
#                    ar\hello_world\..\..\..\src\platforms\" -I               #
#                    "E:\完成设计的产品\K60资料\OLED资料                      #
#                    (1)\OLED客户资料-1406\OLED程序例程\K60_4WIRE_SPI\build\i #
#                    ar\hello_world\..\..\..\src\drivers\ftm\" -I             #
#                    "E:\完成设计的产品\K60资料\OLED资料                      #
#                    (1)\OLED客户资料-1406\OLED程序例程\K60_4WIRE_SPI\build\i #
#                    ar\hello_world\..\..\..\src\drivers\SPI\" -I             #
#                    "E:\完成设计的产品\K60资料\OLED资料                      #
#                    (1)\OLED客户资料-1406\OLED程序例程\K60_4WIRE_SPI\build\i #
#                    ar\hello_world\..\..\..\src\drivers\OLED\" -I            #
#                    "E:\完成设计的产品\K60资料\OLED资料                      #
#                    (1)\OLED客户资料-1406\OLED程序例程\K60_4WIRE_SPI\build\i #
#                    ar\hello_world\..\" -Ol --use_c++_inline                 #
#    List file    =  E:\完成设计的产品\K60资料\OLED资料                       #
#                    (1)\OLED客户资料-1406\OLED程序例程\K60_4WIRE_SPI\build\i #
#                    ar\hello_world\FLASH_512KB_PFLASH\List\printf.lst        #
#    Object file  =  E:\完成设计的产品\K60资料\OLED资料                       #
#                    (1)\OLED客户资料-1406\OLED程序例程\K60_4WIRE_SPI\build\i #
#                    ar\hello_world\FLASH_512KB_PFLASH\Obj\printf.o           #
#                                                                             #
#                                                                             #
###############################################################################

E:\完成设计的产品\K60资料\OLED资料 (1)\OLED客户资料-1406\OLED程序例程\K60_4WIRE_SPI\src\common\printf.c
      1          /*
      2           * File:        printk.c
      3           * Purpose:     The standard C library routine printf(), but without
      4           *              all the baggage.
      5           */
      6          
      7          #include "common.h"
      8          #include <stdarg.h>
      9          
     10          /********************************************************************/
     11          
     12          typedef struct
     13          {
     14              int dest;
     15              void (*func)(char);
     16              char *loc;
     17          } PRINTK_INFO;
     18          
     19          int 
     20          printk (PRINTK_INFO *, const char *, va_list);
     21          
     22          /********************************************************************/
     23          
     24          #define DEST_CONSOLE    (1)
     25          #define DEST_STRING     (2)
     26          
     27          #define FLAGS_MINUS     (0x01)
     28          #define FLAGS_PLUS      (0x02)
     29          #define FLAGS_SPACE     (0x04)
     30          #define FLAGS_ZERO      (0x08)
     31          #define FLAGS_POUND     (0x10)
     32          
     33          #define IS_FLAG_MINUS(a)    (a & FLAGS_MINUS)
     34          #define IS_FLAG_PLUS(a)     (a & FLAGS_PLUS)
     35          #define IS_FLAG_SPACE(a)    (a & FLAGS_SPACE)
     36          #define IS_FLAG_ZERO(a)     (a & FLAGS_ZERO)
     37          #define IS_FLAG_POUND(a)    (a & FLAGS_POUND)
     38          
     39          #define LENMOD_h        (0x01)
     40          #define LENMOD_l        (0x02)
     41          #define LENMOD_L        (0x04)
     42          
     43          #define IS_LENMOD_h(a)  (a & LENMOD_h)
     44          #define IS_LENMOD_l(a)  (a & LENMOD_l)
     45          #define IS_LENMOD_L(a)  (a & LENMOD_L)
     46          
     47          #define FMT_d   (0x0001)
     48          #define FMT_o   (0x0002)
     49          #define FMT_x   (0x0004)
     50          #define FMT_X   (0x0008)
     51          #define FMT_u   (0x0010)
     52          #define FMT_c   (0x0020)
     53          #define FMT_s   (0x0040)
     54          #define FMT_p   (0x0080)
     55          #define FMT_n   (0x0100)
     56          
     57          #define IS_FMT_d(a)     (a & FMT_d)
     58          #define IS_FMT_o(a)     (a & FMT_o)
     59          #define IS_FMT_x(a)     (a & FMT_x)
     60          #define IS_FMT_X(a)     (a & FMT_X)
     61          #define IS_FMT_u(a)     (a & FMT_u)
     62          #define IS_FMT_c(a)     (a & FMT_c)
     63          #define IS_FMT_s(a)     (a & FMT_s)
     64          #define IS_FMT_p(a)     (a & FMT_p)
     65          #define IS_FMT_n(a)     (a & FMT_n)
     66          
     67          /********************************************************************/

   \                                 In section .text, align 2, keep-with-next
     68          static void
     69          printk_putc (int c, int *count, PRINTK_INFO *info)
     70          {
   \                     printk_putc:
   \   00000000   0xB510             PUSH     {R4,LR}
   \   00000002   0x000C             MOVS     R4,R1
     71              switch (info->dest)
   \   00000004   0x6811             LDR      R1,[R2, #+0]
   \   00000006   0x2901             CMP      R1,#+1
   \   00000008   0xD002             BEQ.N    ??printk_putc_0
   \   0000000A   0x2902             CMP      R1,#+2
   \   0000000C   0xD004             BEQ.N    ??printk_putc_1
   \   0000000E   0xE009             B.N      ??printk_putc_2
     72              {
     73                  case DEST_CONSOLE:
     74                      info->func((char)c);
   \                     ??printk_putc_0:
   \   00000010   0xB2C0             UXTB     R0,R0            ;; ZeroExt  R0,R0,#+24,#+24
   \   00000012   0x6851             LDR      R1,[R2, #+4]
   \   00000014   0x4788             BLX      R1
     75                      break;
   \   00000016   0xE005             B.N      ??printk_putc_3
     76                  case DEST_STRING:
     77                      *(info->loc) = (unsigned char)c;
   \                     ??printk_putc_1:
   \   00000018   0x6891             LDR      R1,[R2, #+8]
   \   0000001A   0x7008             STRB     R0,[R1, #+0]
     78                      ++(info->loc);
   \   0000001C   0x6890             LDR      R0,[R2, #+8]
   \   0000001E   0x1C40             ADDS     R0,R0,#+1
   \   00000020   0x6090             STR      R0,[R2, #+8]
     79                      break;
   \   00000022   0xE7FF             B.N      ??printk_putc_3
     80                  default:
     81                      break;
     82              }
     83              *count += 1;
   \                     ??printk_putc_2:
   \                     ??printk_putc_3:
   \   00000024   0x6820             LDR      R0,[R4, #+0]
   \   00000026   0x1C40             ADDS     R0,R0,#+1
   \   00000028   0x6020             STR      R0,[R4, #+0]
     84          }
   \   0000002A   0xBD10             POP      {R4,PC}          ;; return
     85          
     86          /********************************************************************/

   \                                 In section .text, align 2, keep-with-next
     87          static int
     88          printk_mknumstr (char *numstr, void *nump, int neg, int radix)
     89          {
   \                     printk_mknumstr:
   \   00000000   0xB430             PUSH     {R4,R5}
   \   00000002   0x001C             MOVS     R4,R3
     90              int a,b,c;
     91              unsigned int ua,ub,uc;
     92          
     93              int nlen;
     94              char *nstrp;
     95          
     96              nlen = 0;
   \   00000004   0x2300             MOVS     R3,#+0
     97              nstrp = numstr;
     98              *nstrp++ = '\0';
   \   00000006   0x2500             MOVS     R5,#+0
   \   00000008   0x7005             STRB     R5,[R0, #+0]
   \   0000000A   0x1C40             ADDS     R0,R0,#+1
     99          
    100              if (neg)
   \   0000000C   0x2A00             CMP      R2,#+0
   \   0000000E   0xD019             BEQ.N    ??printk_mknumstr_0
    101              {
    102                  a = *(int *)nump;
   \   00000010   0x6809             LDR      R1,[R1, #+0]
    103                  if (a == 0)
   \   00000012   0x2900             CMP      R1,#+0
   \   00000014   0xD10A             BNE.N    ??printk_mknumstr_1
    104                  {
    105                      *nstrp = '0';
   \   00000016   0x2130             MOVS     R1,#+48
   \   00000018   0x7001             STRB     R1,[R0, #+0]
    106                      ++nlen;
   \   0000001A   0x1C5B             ADDS     R3,R3,#+1
    107                      goto done;
    108                  }
    109                  while (a != 0)
    110                  {
    111                      b = (int)a / (int)radix;
    112                      c = (int)a - ((int)b * (int)radix);
    113                      if (c < 0)
    114                      {
    115                          c = ~c + 1 + '0';
    116                      }
    117                      else
    118                      {
    119                          c = c + '0';
    120                      }
    121                      a = b;
    122                      *nstrp++ = (char)c;
    123                      ++nlen;
    124                  }
    125              }
    126              else
    127              {
    128                  ua = *(unsigned int *)nump;
    129                  if (ua == 0)
    130                  {
    131                      *nstrp = '0';
    132                      ++nlen;
    133                      goto done;
    134                  }
    135                  while (ua != 0)
    136                  {
    137                      ub = (unsigned int)ua / (unsigned int)radix;
    138                      uc = (unsigned int)ua - ((unsigned int)ub * (unsigned int)radix);
    139                      if (uc < 10)
    140                      {
    141                          uc = uc + '0';
    142                      }
    143                      else
    144                      {
    145                          uc = uc - 10 + 'A';
    146                      }
    147                      ua = ub;
    148                      *nstrp++ = (char)uc;
    149                      ++nlen;
    150                  }
    151              }
    152              done:
    153              return nlen;
   \                     ??printk_mknumstr_2:
   \   0000001C   0x0018             MOVS     R0,R3
   \   0000001E   0xBC30             POP      {R4,R5}
   \   00000020   0x4770             BX       LR               ;; return
   \                     ??printk_mknumstr_3:
   \   00000022   0x3530             ADDS     R5,R5,#+48
   \                     ??printk_mknumstr_4:
   \   00000024   0x0011             MOVS     R1,R2
   \   00000026   0x7005             STRB     R5,[R0, #+0]
   \   00000028   0x1C40             ADDS     R0,R0,#+1
   \   0000002A   0x1C5B             ADDS     R3,R3,#+1
   \                     ??printk_mknumstr_1:
   \   0000002C   0x2900             CMP      R1,#+0
   \   0000002E   0xD0F5             BEQ.N    ??printk_mknumstr_2
   \   00000030   0xFB91 0xF2F4      SDIV     R2,R1,R4
   \   00000034   0xFB04 0x1512      MLS      R5,R4,R2,R1
   \   00000038   0x2D00             CMP      R5,#+0
   \   0000003A   0xD5F2             BPL.N    ??printk_mknumstr_3
   \   0000003C   0x43E9             MVNS     R1,R5
   \   0000003E   0xF111 0x0531      ADDS     R5,R1,#+49
   \   00000042   0xE7EF             B.N      ??printk_mknumstr_4
   \                     ??printk_mknumstr_0:
   \   00000044   0x6809             LDR      R1,[R1, #+0]
   \   00000046   0x2900             CMP      R1,#+0
   \   00000048   0xD108             BNE.N    ??printk_mknumstr_5
   \   0000004A   0x2130             MOVS     R1,#+48
   \   0000004C   0x7001             STRB     R1,[R0, #+0]
   \   0000004E   0x1C5B             ADDS     R3,R3,#+1
   \   00000050   0xE7E4             B.N      ??printk_mknumstr_2
   \                     ??printk_mknumstr_6:
   \   00000052   0x3537             ADDS     R5,R5,#+55
   \                     ??printk_mknumstr_7:
   \   00000054   0x0011             MOVS     R1,R2
   \   00000056   0x7005             STRB     R5,[R0, #+0]
   \   00000058   0x1C40             ADDS     R0,R0,#+1
   \   0000005A   0x1C5B             ADDS     R3,R3,#+1
   \                     ??printk_mknumstr_5:
   \   0000005C   0x2900             CMP      R1,#+0
   \   0000005E   0xD0DD             BEQ.N    ??printk_mknumstr_2
   \   00000060   0xFBB1 0xF2F4      UDIV     R2,R1,R4
   \   00000064   0xFB04 0x1512      MLS      R5,R4,R2,R1
   \   00000068   0x2D0A             CMP      R5,#+10
   \   0000006A   0xD2F2             BCS.N    ??printk_mknumstr_6
   \   0000006C   0x3530             ADDS     R5,R5,#+48
   \   0000006E   0xE7F1             B.N      ??printk_mknumstr_7
    154          }
    155          
    156          /********************************************************************/

   \                                 In section .text, align 2, keep-with-next
    157          static void
    158          printk_pad_zero (int curlen, int field_width, int *count, PRINTK_INFO *info)
    159          {
   \                     printk_pad_zero:
   \   00000000   0xB5F8             PUSH     {R3-R7,LR}
   \   00000002   0x0004             MOVS     R4,R0
   \   00000004   0x000D             MOVS     R5,R1
   \   00000006   0x0016             MOVS     R6,R2
   \   00000008   0x001F             MOVS     R7,R3
    160              int i;
    161          
    162              for (i = curlen; i < field_width; i++)
   \   0000000A   0xE005             B.N      ??printk_pad_zero_0
    163              {
    164                  printk_putc('0',count, info);
   \                     ??printk_pad_zero_1:
   \   0000000C   0x003A             MOVS     R2,R7
   \   0000000E   0x0031             MOVS     R1,R6
   \   00000010   0x2030             MOVS     R0,#+48
   \   00000012   0x.... 0x....      BL       printk_putc
    165              }
   \   00000016   0x1C64             ADDS     R4,R4,#+1
   \                     ??printk_pad_zero_0:
   \   00000018   0x42AC             CMP      R4,R5
   \   0000001A   0xDBF7             BLT.N    ??printk_pad_zero_1
    166          }
   \   0000001C   0xBDF1             POP      {R0,R4-R7,PC}    ;; return
    167          
    168          /********************************************************************/

   \                                 In section .text, align 2, keep-with-next
    169          static void
    170          printk_pad_space (int curlen, int field_width, int *count, PRINTK_INFO *info)
    171          {
   \                     printk_pad_space:
   \   00000000   0xB5F8             PUSH     {R3-R7,LR}
   \   00000002   0x0004             MOVS     R4,R0
   \   00000004   0x000D             MOVS     R5,R1
   \   00000006   0x0016             MOVS     R6,R2
   \   00000008   0x001F             MOVS     R7,R3
    172              int i;
    173          
    174              for (i = curlen; i < field_width; i++)
   \   0000000A   0xE005             B.N      ??printk_pad_space_0
    175              {
    176                  printk_putc(' ',count, info);
   \                     ??printk_pad_space_1:
   \   0000000C   0x003A             MOVS     R2,R7
   \   0000000E   0x0031             MOVS     R1,R6
   \   00000010   0x2020             MOVS     R0,#+32
   \   00000012   0x.... 0x....      BL       printk_putc
    177              }
   \   00000016   0x1C64             ADDS     R4,R4,#+1
   \                     ??printk_pad_space_0:
   \   00000018   0x42AC             CMP      R4,R5
   \   0000001A   0xDBF7             BLT.N    ??printk_pad_space_1
    178          }
   \   0000001C   0xBDF1             POP      {R0,R4-R7,PC}    ;; return
    179          
    180          /********************************************************************/

   \                                 In section .text, align 2, keep-with-next
    181          int
    182          printk (PRINTK_INFO *info, const char *fmt, va_list ap)
    183          {
   \                     printk:
   \   00000000   0xE92D 0x4FF0      PUSH     {R4-R11,LR}
   \   00000004   0xB08D             SUB      SP,SP,#+52
   \   00000006   0x0005             MOVS     R5,R0
   \   00000008   0x0016             MOVS     R6,R2
    184              /* va_list ap; */
    185              char *p;
    186              int c;
    187          
    188              char vstr[33];
    189              char *vstrp;
    190              int vlen;
    191          
    192              int done;
    193              int count = 0;
   \   0000000A   0x2000             MOVS     R0,#+0
   \   0000000C   0x9000             STR      R0,[SP, #+0]
    194          
    195              int flags_used;
    196              int field_width;
    197          #if 0
    198              int precision_used;
    199              int precision_width;
    200              int length_modifier;
    201          #endif
    202          
    203              int ival;
    204              int schar, dschar;
    205              int *ivalp;
    206              char *sval;
    207              int cval;
    208              unsigned int uval;
    209          
    210              /*
    211               * Start parsing apart the format string and display appropriate
    212               * formats and data.
    213               */
    214              for (p = (char *)fmt; (c = *p) != 0; p++)
   \   0000000E   0x000C             MOVS     R4,R1
   \   00000010   0xE005             B.N      ??printk_0
    215              {
    216                  /*
    217                   * All formats begin with a '%' marker.  Special chars like
    218                   * '\n' or '\t' are normally converted to the appropriate
    219                   * character by the __compiler__.  Thus, no need for this
    220                   * routine to account for the '\' character.
    221                   */
    222                  if (c != '%')
    223                  {
    224                      /*
    225                       * This needs to be replaced with something like
    226                       * 'out_char()' or call an OS routine.
    227                       */
    228          #ifndef UNIX_DEBUG
    229                      if (c != '\n')
    230                      {
    231                          printk_putc(c, &count, info);
    232                      }
    233                      else
    234                      {
    235                          printk_putc(0x0D /* CR */, &count, info);
    236                          printk_putc(0x0A /* LF */, &count, info);
    237                      }
    238          #else
    239                      printk_putc(c, &count, info);
    240          #endif
    241          
    242                      /*
    243                       * By using 'continue', the next iteration of the loop
    244                       * is used, skipping the code that follows.
    245                       */
    246                      continue;
    247                  }
    248          
    249                  /*
    250                   * First check for specification modifier flags.
    251                   */
    252                  flags_used = 0;
    253                  done = FALSE;
    254                  while (!done)
    255                  {
    256                      switch (/* c = */ *++p)
    257                      {
    258                          case '-':
    259                              flags_used |= FLAGS_MINUS;
    260                              break;
    261                          case '+':
    262                              flags_used |= FLAGS_PLUS;
    263                              break;
    264                          case ' ':
    265                              flags_used |= FLAGS_SPACE;
    266                              break;
    267                          case '0':
    268                              flags_used |= FLAGS_ZERO;
    269                              break;
    270                          case '#':
    271                              flags_used |= FLAGS_POUND;
    272                              break;
    273                          default:
    274                              /* we've gone one char too far */
    275                              --p;
    276                              done = TRUE;
    277                              break;
    278                      }
    279                  }
    280          
    281                  /*
    282                   * Next check for minimum field width.
    283                   */
    284                  field_width = 0;
    285                  done = FALSE;
    286                  while (!done)
    287                  {
    288                      switch (c = *++p)
    289                      {
    290                          case '0':
    291                          case '1':
    292                          case '2':
    293                          case '3':
    294                          case '4':
    295                          case '5':
    296                          case '6':
    297                          case '7':
    298                          case '8':
    299                          case '9':
    300                              field_width = (field_width * 10) + (c - '0');
    301                              break;
    302                          default:
    303                              /* we've gone one char too far */
    304                              --p;
    305                              done = TRUE;
    306                              break;
    307                      }
    308                  }
    309          
    310                  /*
    311                   * Next check for the width and precision field separator.
    312                   */
    313                  if (/* (c = *++p) */ *++p == '.')
    314                  {
    315                      /* precision_used = TRUE; */
    316          
    317                      /*
    318                       * Must get precision field width, if present.
    319                       */
    320                      /* precision_width = 0; */
    321                      done = FALSE;
    322                      while (!done)
    323                      {
    324                          switch (/* c = uncomment if used below */ *++p)
    325                          {
    326                              case '0':
    327                              case '1':
    328                              case '2':
    329                              case '3':
    330                              case '4':
    331                              case '5':
    332                              case '6':
    333                              case '7':
    334                              case '8':
    335                              case '9':
    336          #if 0
    337                                  precision_width = (precision_width * 10) +
    338                                      (c - '0');
    339          #endif
    340                                  break;
    341                              default:
    342                                  /* we've gone one char too far */
    343                                  --p;
    344                                  done = TRUE;
    345                                  break;
    346                          }
    347                      }
    348                  }
    349                  else
    350                  {
    351                      /* we've gone one char too far */
    352                      --p;
    353          #if 0
    354                      precision_used = FALSE;
    355                      precision_width = 0;
    356          #endif
    357                  }
    358          
    359                  /*
    360                   * Check for the length modifier.
    361                   */
    362                  /* length_modifier = 0; */
    363                  switch (/* c = */ *++p)
    364                  {
    365                      case 'h':
    366                          /* length_modifier |= LENMOD_h; */
    367                          break;
    368                      case 'l':
    369                          /* length_modifier |= LENMOD_l; */
    370                          break;
    371                      case 'L':
    372                          /* length_modifier |= LENMOD_L; */
    373                          break;
    374                      default:
    375                          /* we've gone one char too far */
    376                          --p;
    377                          break;
    378                  }
    379          
    380                  /*
    381                   * Now we're ready to examine the format.
    382                   */
    383                  switch (c = *++p)
    384                  {
    385                      case 'd':
    386                      case 'i':
    387                          ival = (int)va_arg(ap, int);
    388                          vlen = printk_mknumstr(vstr,&ival,TRUE,10);
    389                          vstrp = &vstr[vlen];
    390          
    391                          if (ival < 0)
    392                          {
    393                              schar = '-';
    394                              ++vlen;
    395                          }
    396                          else
    397                          {
    398                              if (IS_FLAG_PLUS(flags_used))
    399                              {
    400                                  schar = '+';
    401                                  ++vlen;
    402                              }
    403                              else
    404                              {
    405                                  if (IS_FLAG_SPACE(flags_used))
    406                                  {
    407                                      schar = ' ';
    408                                      ++vlen;
    409                                  }
    410                                  else
    411                                  {
    412                                      schar = 0;
    413                                  }
    414                              }
    415                          }
    416                          dschar = FALSE;
    417                      
    418                          /*
    419                           * do the ZERO pad.
    420                           */
    421                          if (IS_FLAG_ZERO(flags_used))
    422                          {
    423                              if (schar)
    424                                  printk_putc(schar, &count, info);
    425                              dschar = TRUE;
    426                      
    427                              printk_pad_zero (vlen, field_width, &count, info);
    428                              vlen = field_width;
    429                          }
    430                          else
    431                          {
    432                              if (!IS_FLAG_MINUS(flags_used))
    433                              {
    434                                  printk_pad_space (vlen, field_width, &count, info);
    435                      
    436                                  if (schar)
    437                                      printk_putc(schar, &count, info);
    438                                  dschar = TRUE;
    439                              }
    440                          }
    441                      
    442                          /* the string was built in reverse order, now display in */
    443                          /* correct order */
    444                          if (!dschar && schar)
    445                          {
    446                              printk_putc(schar, &count, info);
    447                          }
    448                          goto cont_xd;
    449          
    450                      case 'x':
    451                      case 'X':
    452                          uval = (unsigned int)va_arg(ap, unsigned int);
    453                          vlen = printk_mknumstr(vstr,&uval,FALSE,16);
    454                          vstrp = &vstr[vlen];
    455          
    456                          dschar = FALSE;
    457                          if (IS_FLAG_ZERO(flags_used))
    458                          {
    459                              if (IS_FLAG_POUND(flags_used))
    460                              {
    461                                  printk_putc('0', &count, info);
    462                                  printk_putc('x', &count, info);
    463                                  /*vlen += 2;*/
    464                                  dschar = TRUE;
    465                              }
    466                              printk_pad_zero (vlen, field_width, &count, info);
    467                              vlen = field_width;
    468                          }
    469                          else
    470                          {
    471                              if (!IS_FLAG_MINUS(flags_used))
    472                              {
    473                                  if (IS_FLAG_POUND(flags_used))
    474                                  {
    475                                      vlen += 2;
    476                                  }
    477                                  printk_pad_space (vlen, field_width, &count, info);
    478                                  if (IS_FLAG_POUND(flags_used))
    479                                  {
    480                                      printk_putc('0', &count, info);
    481                                      printk_putc('x', &count, info);
    482                                      dschar = TRUE;
    483                                  }
    484                              }
    485                          }
    486          
    487                          if ((IS_FLAG_POUND(flags_used)) && !dschar)
    488                          {
    489                              printk_putc('0', &count, info);
    490                              printk_putc('x', &count, info);
    491                              vlen += 2;
    492                          }
    493                          goto cont_xd;
    494          
    495                      case 'o':
    496                          uval = (unsigned int)va_arg(ap, unsigned int);
    497                          vlen = printk_mknumstr(vstr,&uval,FALSE,8);
    498                          goto cont_u;
    499                      case 'b':
    500                          uval = (unsigned int)va_arg(ap, unsigned int);
    501                          vlen = printk_mknumstr(vstr,&uval,FALSE,2);
    502                          goto cont_u;
    503                      case 'p':
    504                          uval = (unsigned int)va_arg(ap, void *);
    505                          vlen = printk_mknumstr(vstr,&uval,FALSE,16);
    506                          goto cont_u;
    507                      case 'u':
    508                          uval = (unsigned int)va_arg(ap, unsigned int);
    509                          vlen = printk_mknumstr(vstr,&uval,FALSE,10);
    510          
    511                          cont_u:
    512                              vstrp = &vstr[vlen];
    513          
    514                              if (IS_FLAG_ZERO(flags_used))
    515                              {
    516                                  printk_pad_zero (vlen, field_width, &count, info);
    517                                  vlen = field_width;
    518                              }
    519                              else
    520                              {
    521                                  if (!IS_FLAG_MINUS(flags_used))
    522                                  {
    523                                      printk_pad_space (vlen, field_width, &count, info);
    524                                  }
    525                              }
    526          
    527                          cont_xd:
    528                              while (*vstrp)
    529                                  printk_putc(*vstrp--, &count, info);
    530          
    531                              if (IS_FLAG_MINUS(flags_used))
    532                              {
    533                                  printk_pad_space (vlen, field_width, &count, info);
    534                              }
    535                          break;
    536          
    537                      case 'c':
    538                          cval = (char)va_arg(ap, unsigned int);
    539                          printk_putc(cval,&count, info);
    540                          break;
    541                      case 's':
    542                          sval = (char *)va_arg(ap, char *);
    543                          if (sval)
    544                          {
    545                              vlen = strlen(sval);
    546                              if (!IS_FLAG_MINUS(flags_used))
    547                              {
    548                                  printk_pad_space (vlen, field_width, &count, info);
    549                              }
    550                              while (*sval)
    551                                  printk_putc(*sval++,&count, info);
    552                              if (IS_FLAG_MINUS(flags_used))
    553                              {
    554                                  printk_pad_space (vlen, field_width, &count, info);
    555                              }
    556                          }
    557                          break;
    558                      case 'n':
    559                          ivalp = (int *)va_arg(ap, int *);
    560                          *ivalp = count;
    561                          break;
    562                      default:
    563                          printk_putc(c,&count, info);
   \                     ??printk_1:
   \   00000012   0x002A             MOVS     R2,R5
   \   00000014   0xA900             ADD      R1,SP,#+0
   \   00000016   0x0018             MOVS     R0,R3
   \   00000018   0x.... 0x....      BL       printk_putc
    564                          break;
   \                     ??printk_2:
   \   0000001C   0x1C64             ADDS     R4,R4,#+1
   \                     ??printk_0:
   \   0000001E   0x7823             LDRB     R3,[R4, #+0]
   \   00000020   0x2B00             CMP      R3,#+0
   \   00000022   0xF000 0x81CE      BEQ.W    ??printk_3
   \   00000026   0x2B25             CMP      R3,#+37
   \   00000028   0xD012             BEQ.N    ??printk_4
   \   0000002A   0x2B0A             CMP      R3,#+10
   \   0000002C   0xD005             BEQ.N    ??printk_5
   \   0000002E   0x002A             MOVS     R2,R5
   \   00000030   0xA900             ADD      R1,SP,#+0
   \   00000032   0x0018             MOVS     R0,R3
   \   00000034   0x.... 0x....      BL       printk_putc
   \   00000038   0xE009             B.N      ??printk_6
   \                     ??printk_5:
   \   0000003A   0x002A             MOVS     R2,R5
   \   0000003C   0xA900             ADD      R1,SP,#+0
   \   0000003E   0x200D             MOVS     R0,#+13
   \   00000040   0x.... 0x....      BL       printk_putc
   \   00000044   0x002A             MOVS     R2,R5
   \   00000046   0xA900             ADD      R1,SP,#+0
   \   00000048   0x200A             MOVS     R0,#+10
   \   0000004A   0x.... 0x....      BL       printk_putc
   \                     ??printk_6:
   \   0000004E   0xE7E5             B.N      ??printk_2
   \                     ??printk_4:
   \   00000050   0x2700             MOVS     R7,#+0
   \   00000052   0x2100             MOVS     R1,#+0
   \   00000054   0xE001             B.N      ??printk_7
   \                     ??printk_8:
   \   00000056   0xF057 0x0701      ORRS     R7,R7,#0x1
   \                     ??printk_7:
   \   0000005A   0x2900             CMP      R1,#+0
   \   0000005C   0xD11B             BNE.N    ??printk_9
   \   0000005E   0x1C64             ADDS     R4,R4,#+1
   \   00000060   0x7820             LDRB     R0,[R4, #+0]
   \   00000062   0x2820             CMP      R0,#+32
   \   00000064   0xD00B             BEQ.N    ??printk_10
   \   00000066   0x2823             CMP      R0,#+35
   \   00000068   0xD00F             BEQ.N    ??printk_11
   \   0000006A   0x282B             CMP      R0,#+43
   \   0000006C   0xD004             BEQ.N    ??printk_12
   \   0000006E   0x282D             CMP      R0,#+45
   \   00000070   0xD0F1             BEQ.N    ??printk_8
   \   00000072   0x2830             CMP      R0,#+48
   \   00000074   0xD006             BEQ.N    ??printk_13
   \   00000076   0xE00B             B.N      ??printk_14
   \                     ??printk_12:
   \   00000078   0xF057 0x0702      ORRS     R7,R7,#0x2
   \   0000007C   0xE7ED             B.N      ??printk_7
   \                     ??printk_10:
   \   0000007E   0xF057 0x0704      ORRS     R7,R7,#0x4
   \   00000082   0xE7EA             B.N      ??printk_7
   \                     ??printk_13:
   \   00000084   0xF057 0x0708      ORRS     R7,R7,#0x8
   \   00000088   0xE7E7             B.N      ??printk_7
   \                     ??printk_11:
   \   0000008A   0xF057 0x0710      ORRS     R7,R7,#0x10
   \   0000008E   0xE7E4             B.N      ??printk_7
   \                     ??printk_14:
   \   00000090   0x1E64             SUBS     R4,R4,#+1
   \   00000092   0x2101             MOVS     R1,#+1
   \   00000094   0xE7E1             B.N      ??printk_7
   \                     ??printk_9:
   \   00000096   0xF05F 0x0800      MOVS     R8,#+0
   \   0000009A   0x2100             MOVS     R1,#+0
   \   0000009C   0xE004             B.N      ??printk_15
   \                     ??printk_16:
   \   0000009E   0x200A             MOVS     R0,#+10
   \   000000A0   0xFB00 0x3008      MLA      R0,R0,R8,R3
   \   000000A4   0xF1B0 0x0830      SUBS     R8,R0,#+48
   \                     ??printk_15:
   \   000000A8   0x2900             CMP      R1,#+0
   \   000000AA   0xD108             BNE.N    ??printk_17
   \   000000AC   0x1C64             ADDS     R4,R4,#+1
   \   000000AE   0x7823             LDRB     R3,[R4, #+0]
   \   000000B0   0x0018             MOVS     R0,R3
   \   000000B2   0x3830             SUBS     R0,R0,#+48
   \   000000B4   0x2809             CMP      R0,#+9
   \   000000B6   0xD9F2             BLS.N    ??printk_16
   \                     ??printk_18:
   \   000000B8   0x1E64             SUBS     R4,R4,#+1
   \   000000BA   0x2101             MOVS     R1,#+1
   \   000000BC   0xE7F4             B.N      ??printk_15
   \                     ??printk_17:
   \   000000BE   0x1C64             ADDS     R4,R4,#+1
   \   000000C0   0x7820             LDRB     R0,[R4, #+0]
   \   000000C2   0x282E             CMP      R0,#+46
   \   000000C4   0xD10B             BNE.N    ??printk_19
   \   000000C6   0x2100             MOVS     R1,#+0
   \   000000C8   0xE7FF             B.N      ??printk_20
   \                     ??printk_21:
   \                     ??printk_20:
   \   000000CA   0x2900             CMP      R1,#+0
   \   000000CC   0xD108             BNE.N    ??printk_22
   \   000000CE   0x1C64             ADDS     R4,R4,#+1
   \   000000D0   0x7820             LDRB     R0,[R4, #+0]
   \   000000D2   0x3830             SUBS     R0,R0,#+48
   \   000000D4   0x2809             CMP      R0,#+9
   \   000000D6   0xD9F8             BLS.N    ??printk_21
   \                     ??printk_23:
   \   000000D8   0x1E64             SUBS     R4,R4,#+1
   \   000000DA   0x2101             MOVS     R1,#+1
   \   000000DC   0xE7F5             B.N      ??printk_20
   \                     ??printk_19:
   \   000000DE   0x1E64             SUBS     R4,R4,#+1
   \                     ??printk_22:
   \   000000E0   0x1C64             ADDS     R4,R4,#+1
   \   000000E2   0x7820             LDRB     R0,[R4, #+0]
   \   000000E4   0x284C             CMP      R0,#+76
   \   000000E6   0xD006             BEQ.N    ??printk_24
   \   000000E8   0x2868             CMP      R0,#+104
   \   000000EA   0xD002             BEQ.N    ??printk_25
   \   000000EC   0x286C             CMP      R0,#+108
   \   000000EE   0xD001             BEQ.N    ??printk_26
   \   000000F0   0xE002             B.N      ??printk_27
   \                     ??printk_25:
   \   000000F2   0xE002             B.N      ??printk_28
   \                     ??printk_26:
   \   000000F4   0xE001             B.N      ??printk_28
   \                     ??printk_24:
   \   000000F6   0xE000             B.N      ??printk_28
   \                     ??printk_27:
   \   000000F8   0x1E64             SUBS     R4,R4,#+1
   \                     ??printk_28:
   \   000000FA   0x1C64             ADDS     R4,R4,#+1
   \   000000FC   0x7823             LDRB     R3,[R4, #+0]
   \   000000FE   0x0018             MOVS     R0,R3
   \   00000100   0x2858             CMP      R0,#+88
   \   00000102   0xD078             BEQ.N    ??printk_29
   \   00000104   0x2862             CMP      R0,#+98
   \   00000106   0xF000 0x80DA      BEQ.W    ??printk_30
   \   0000010A   0x2863             CMP      R0,#+99
   \   0000010C   0xF000 0x8124      BEQ.W    ??printk_31
   \   00000110   0x2864             CMP      R0,#+100
   \   00000112   0xD013             BEQ.N    ??printk_32
   \   00000114   0x2869             CMP      R0,#+105
   \   00000116   0xD011             BEQ.N    ??printk_32
   \   00000118   0x286E             CMP      R0,#+110
   \   0000011A   0xF000 0x814D      BEQ.W    ??printk_33
   \   0000011E   0x286F             CMP      R0,#+111
   \   00000120   0xF000 0x80C2      BEQ.W    ??printk_34
   \   00000124   0x2870             CMP      R0,#+112
   \   00000126   0xF000 0x80D5      BEQ.W    ??printk_35
   \   0000012A   0x2873             CMP      R0,#+115
   \   0000012C   0xF000 0x811B      BEQ.W    ??printk_36
   \   00000130   0x2875             CMP      R0,#+117
   \   00000132   0xF000 0x80DA      BEQ.W    ??printk_37
   \   00000136   0x2878             CMP      R0,#+120
   \   00000138   0xD05D             BEQ.N    ??printk_29
   \   0000013A   0xE76A             B.N      ??printk_1
   \                     ??printk_32:
   \   0000013C   0x6830             LDR      R0,[R6, #+0]
   \   0000013E   0x9003             STR      R0,[SP, #+12]
   \   00000140   0x1D36             ADDS     R6,R6,#+4
   \   00000142   0x230A             MOVS     R3,#+10
   \   00000144   0x2201             MOVS     R2,#+1
   \   00000146   0xA903             ADD      R1,SP,#+12
   \   00000148   0xA804             ADD      R0,SP,#+16
   \   0000014A   0x.... 0x....      BL       printk_mknumstr
   \   0000014E   0x4682             MOV      R10,R0
   \   00000150   0xA804             ADD      R0,SP,#+16
   \   00000152   0xEB1A 0x0900      ADDS     R9,R10,R0
   \   00000156   0x9803             LDR      R0,[SP, #+12]
   \   00000158   0x2800             CMP      R0,#+0
   \   0000015A   0xD504             BPL.N    ??printk_38
   \   0000015C   0x202D             MOVS     R0,#+45
   \   0000015E   0x9002             STR      R0,[SP, #+8]
   \   00000160   0xF11A 0x0A01      ADDS     R10,R10,#+1
   \   00000164   0xE011             B.N      ??printk_39
   \                     ??printk_38:
   \   00000166   0x0038             MOVS     R0,R7
   \   00000168   0x0780             LSLS     R0,R0,#+30
   \   0000016A   0xD504             BPL.N    ??printk_40
   \   0000016C   0x202B             MOVS     R0,#+43
   \   0000016E   0x9002             STR      R0,[SP, #+8]
   \   00000170   0xF11A 0x0A01      ADDS     R10,R10,#+1
   \   00000174   0xE009             B.N      ??printk_39
   \                     ??printk_40:
   \   00000176   0x0038             MOVS     R0,R7
   \   00000178   0x0740             LSLS     R0,R0,#+29
   \   0000017A   0xD504             BPL.N    ??printk_41
   \   0000017C   0x2020             MOVS     R0,#+32
   \   0000017E   0x9002             STR      R0,[SP, #+8]
   \   00000180   0xF11A 0x0A01      ADDS     R10,R10,#+1
   \   00000184   0xE001             B.N      ??printk_39
   \                     ??printk_41:
   \   00000186   0x2000             MOVS     R0,#+0
   \   00000188   0x9002             STR      R0,[SP, #+8]
   \                     ??printk_39:
   \   0000018A   0xF05F 0x0B00      MOVS     R11,#+0
   \   0000018E   0x0038             MOVS     R0,R7
   \   00000190   0x0700             LSLS     R0,R0,#+28
   \   00000192   0xD511             BPL.N    ??printk_42
   \   00000194   0x9802             LDR      R0,[SP, #+8]
   \   00000196   0x2800             CMP      R0,#+0
   \   00000198   0xD004             BEQ.N    ??printk_43
   \   0000019A   0x002A             MOVS     R2,R5
   \   0000019C   0xA900             ADD      R1,SP,#+0
   \   0000019E   0x9802             LDR      R0,[SP, #+8]
   \   000001A0   0x.... 0x....      BL       printk_putc
   \                     ??printk_43:
   \   000001A4   0xF05F 0x0B01      MOVS     R11,#+1
   \   000001A8   0x002B             MOVS     R3,R5
   \   000001AA   0xAA00             ADD      R2,SP,#+0
   \   000001AC   0x4641             MOV      R1,R8
   \   000001AE   0x4650             MOV      R0,R10
   \   000001B0   0x.... 0x....      BL       printk_pad_zero
   \   000001B4   0x46C2             MOV      R10,R8
   \   000001B6   0xE012             B.N      ??printk_44
   \                     ??printk_42:
   \   000001B8   0x0038             MOVS     R0,R7
   \   000001BA   0x07C0             LSLS     R0,R0,#+31
   \   000001BC   0xD40F             BMI.N    ??printk_44
   \   000001BE   0x002B             MOVS     R3,R5
   \   000001C0   0xAA00             ADD      R2,SP,#+0
   \   000001C2   0x4641             MOV      R1,R8
   \   000001C4   0x4650             MOV      R0,R10
   \   000001C6   0x.... 0x....      BL       printk_pad_space
   \   000001CA   0x9802             LDR      R0,[SP, #+8]
   \   000001CC   0x2800             CMP      R0,#+0
   \   000001CE   0xD004             BEQ.N    ??printk_45
   \   000001D0   0x002A             MOVS     R2,R5
   \   000001D2   0xA900             ADD      R1,SP,#+0
   \   000001D4   0x9802             LDR      R0,[SP, #+8]
   \   000001D6   0x.... 0x....      BL       printk_putc
   \                     ??printk_45:
   \   000001DA   0xF05F 0x0B01      MOVS     R11,#+1
   \                     ??printk_44:
   \   000001DE   0xF1BB 0x0F00      CMP      R11,#+0
   \   000001E2   0xD107             BNE.N    ??printk_46
   \   000001E4   0x9802             LDR      R0,[SP, #+8]
   \   000001E6   0x2800             CMP      R0,#+0
   \   000001E8   0xD004             BEQ.N    ??printk_46
   \   000001EA   0x002A             MOVS     R2,R5
   \   000001EC   0xA900             ADD      R1,SP,#+0
   \   000001EE   0x9802             LDR      R0,[SP, #+8]
   \   000001F0   0x.... 0x....      BL       printk_putc
   \                     ??printk_46:
   \   000001F4   0xE0A3             B.N      ??printk_47
   \                     ??printk_29:
   \   000001F6   0x6830             LDR      R0,[R6, #+0]
   \   000001F8   0x9001             STR      R0,[SP, #+4]
   \   000001FA   0x1D36             ADDS     R6,R6,#+4
   \   000001FC   0x2310             MOVS     R3,#+16
   \   000001FE   0x2200             MOVS     R2,#+0
   \   00000200   0xA901             ADD      R1,SP,#+4
   \   00000202   0xA804             ADD      R0,SP,#+16
   \   00000204   0x.... 0x....      BL       printk_mknumstr
   \   00000208   0x4682             MOV      R10,R0
   \   0000020A   0xA804             ADD      R0,SP,#+16
   \   0000020C   0xEB1A 0x0900      ADDS     R9,R10,R0
   \   00000210   0xF05F 0x0B00      MOVS     R11,#+0
   \   00000214   0x0038             MOVS     R0,R7
   \   00000216   0x0700             LSLS     R0,R0,#+28
   \   00000218   0xD516             BPL.N    ??printk_48
   \   0000021A   0x0038             MOVS     R0,R7
   \   0000021C   0x06C0             LSLS     R0,R0,#+27
   \   0000021E   0xD50B             BPL.N    ??printk_49
   \   00000220   0x002A             MOVS     R2,R5
   \   00000222   0xA900             ADD      R1,SP,#+0
   \   00000224   0x2030             MOVS     R0,#+48
   \   00000226   0x.... 0x....      BL       printk_putc
   \   0000022A   0x002A             MOVS     R2,R5
   \   0000022C   0xA900             ADD      R1,SP,#+0
   \   0000022E   0x2078             MOVS     R0,#+120
   \   00000230   0x.... 0x....      BL       printk_putc
   \   00000234   0xF05F 0x0B01      MOVS     R11,#+1
   \                     ??printk_49:
   \   00000238   0x002B             MOVS     R3,R5
   \   0000023A   0xAA00             ADD      R2,SP,#+0
   \   0000023C   0x4641             MOV      R1,R8
   \   0000023E   0x4650             MOV      R0,R10
   \   00000240   0x.... 0x....      BL       printk_pad_zero
   \   00000244   0x46C2             MOV      R10,R8
   \   00000246   0xE01C             B.N      ??printk_50
   \                     ??printk_48:
   \   00000248   0x0038             MOVS     R0,R7
   \   0000024A   0x07C0             LSLS     R0,R0,#+31
   \   0000024C   0xD419             BMI.N    ??printk_50
   \   0000024E   0x0038             MOVS     R0,R7
   \   00000250   0x06C0             LSLS     R0,R0,#+27
   \   00000252   0xD501             BPL.N    ??printk_51
   \   00000254   0xF11A 0x0A02      ADDS     R10,R10,#+2
   \                     ??printk_51:
   \   00000258   0x002B             MOVS     R3,R5
   \   0000025A   0xAA00             ADD      R2,SP,#+0
   \   0000025C   0x4641             MOV      R1,R8
   \   0000025E   0x4650             MOV      R0,R10
   \   00000260   0x.... 0x....      BL       printk_pad_space
   \   00000264   0x0038             MOVS     R0,R7
   \   00000266   0x06C0             LSLS     R0,R0,#+27
   \   00000268   0xD50B             BPL.N    ??printk_50
   \   0000026A   0x002A             MOVS     R2,R5
   \   0000026C   0xA900             ADD      R1,SP,#+0
   \   0000026E   0x2030             MOVS     R0,#+48
   \   00000270   0x.... 0x....      BL       printk_putc
   \   00000274   0x002A             MOVS     R2,R5
   \   00000276   0xA900             ADD      R1,SP,#+0
   \   00000278   0x2078             MOVS     R0,#+120
   \   0000027A   0x.... 0x....      BL       printk_putc
   \   0000027E   0xF05F 0x0B01      MOVS     R11,#+1
   \                     ??printk_50:
   \   00000282   0x0038             MOVS     R0,R7
   \   00000284   0x06C0             LSLS     R0,R0,#+27
   \   00000286   0xD50E             BPL.N    ??printk_52
   \   00000288   0xF1BB 0x0F00      CMP      R11,#+0
   \   0000028C   0xD10B             BNE.N    ??printk_52
   \   0000028E   0x002A             MOVS     R2,R5
   \   00000290   0xA900             ADD      R1,SP,#+0
   \   00000292   0x2030             MOVS     R0,#+48
   \   00000294   0x.... 0x....      BL       printk_putc
   \   00000298   0x002A             MOVS     R2,R5
   \   0000029A   0xA900             ADD      R1,SP,#+0
   \   0000029C   0x2078             MOVS     R0,#+120
   \   0000029E   0x.... 0x....      BL       printk_putc
   \   000002A2   0xF11A 0x0A02      ADDS     R10,R10,#+2
   \                     ??printk_52:
   \   000002A6   0xE04A             B.N      ??printk_47
   \                     ??printk_34:
   \   000002A8   0x6830             LDR      R0,[R6, #+0]
   \   000002AA   0x9001             STR      R0,[SP, #+4]
   \   000002AC   0x1D36             ADDS     R6,R6,#+4
   \   000002AE   0x2308             MOVS     R3,#+8
   \   000002B0   0x2200             MOVS     R2,#+0
   \   000002B2   0xA901             ADD      R1,SP,#+4
   \   000002B4   0xA804             ADD      R0,SP,#+16
   \   000002B6   0x.... 0x....      BL       printk_mknumstr
   \   000002BA   0x4682             MOV      R10,R0
   \   000002BC   0xE01F             B.N      ??printk_53
   \                     ??printk_30:
   \   000002BE   0x6830             LDR      R0,[R6, #+0]
   \   000002C0   0x9001             STR      R0,[SP, #+4]
   \   000002C2   0x1D36             ADDS     R6,R6,#+4
   \   000002C4   0x2302             MOVS     R3,#+2
   \   000002C6   0x2200             MOVS     R2,#+0
   \   000002C8   0xA901             ADD      R1,SP,#+4
   \   000002CA   0xA804             ADD      R0,SP,#+16
   \   000002CC   0x.... 0x....      BL       printk_mknumstr
   \   000002D0   0x4682             MOV      R10,R0
   \   000002D2   0xE014             B.N      ??printk_53
   \                     ??printk_35:
   \   000002D4   0x6830             LDR      R0,[R6, #+0]
   \   000002D6   0x9001             STR      R0,[SP, #+4]
   \   000002D8   0x1D36             ADDS     R6,R6,#+4
   \   000002DA   0x2310             MOVS     R3,#+16
   \   000002DC   0x2200             MOVS     R2,#+0
   \   000002DE   0xA901             ADD      R1,SP,#+4
   \   000002E0   0xA804             ADD      R0,SP,#+16
   \   000002E2   0x.... 0x....      BL       printk_mknumstr
   \   000002E6   0x4682             MOV      R10,R0
   \   000002E8   0xE009             B.N      ??printk_53
   \                     ??printk_37:
   \   000002EA   0x6830             LDR      R0,[R6, #+0]
   \   000002EC   0x9001             STR      R0,[SP, #+4]
   \   000002EE   0x1D36             ADDS     R6,R6,#+4
   \   000002F0   0x230A             MOVS     R3,#+10
   \   000002F2   0x2200             MOVS     R2,#+0
   \   000002F4   0xA901             ADD      R1,SP,#+4
   \   000002F6   0xA804             ADD      R0,SP,#+16
   \   000002F8   0x.... 0x....      BL       printk_mknumstr
   \   000002FC   0x4682             MOV      R10,R0
   \                     ??printk_53:
   \   000002FE   0xA804             ADD      R0,SP,#+16
   \   00000300   0xEB1A 0x0900      ADDS     R9,R10,R0
   \   00000304   0x0038             MOVS     R0,R7
   \   00000306   0x0700             LSLS     R0,R0,#+28
   \   00000308   0xD507             BPL.N    ??printk_54
   \   0000030A   0x002B             MOVS     R3,R5
   \   0000030C   0xAA00             ADD      R2,SP,#+0
   \   0000030E   0x4641             MOV      R1,R8
   \   00000310   0x4650             MOV      R0,R10
   \   00000312   0x.... 0x....      BL       printk_pad_zero
   \   00000316   0x46C2             MOV      R10,R8
   \   00000318   0xE011             B.N      ??printk_47
   \                     ??printk_54:
   \   0000031A   0x0038             MOVS     R0,R7
   \   0000031C   0x07C0             LSLS     R0,R0,#+31
   \   0000031E   0xD40E             BMI.N    ??printk_47
   \   00000320   0x002B             MOVS     R3,R5
   \   00000322   0xAA00             ADD      R2,SP,#+0
   \   00000324   0x4641             MOV      R1,R8
   \   00000326   0x4650             MOV      R0,R10
   \   00000328   0x.... 0x....      BL       printk_pad_space
   \   0000032C   0xE007             B.N      ??printk_47
   \                     ??printk_55:
   \   0000032E   0x002A             MOVS     R2,R5
   \   00000330   0xA900             ADD      R1,SP,#+0
   \   00000332   0xF899 0x0000      LDRB     R0,[R9, #+0]
   \   00000336   0x.... 0x....      BL       printk_putc
   \   0000033A   0xF1B9 0x0901      SUBS     R9,R9,#+1
   \                     ??printk_47:
   \   0000033E   0xF899 0x0000      LDRB     R0,[R9, #+0]
   \   00000342   0x2800             CMP      R0,#+0
   \   00000344   0xD1F3             BNE.N    ??printk_55
   \   00000346   0x07F8             LSLS     R0,R7,#+31
   \   00000348   0xD505             BPL.N    ??printk_56
   \   0000034A   0x002B             MOVS     R3,R5
   \   0000034C   0xAA00             ADD      R2,SP,#+0
   \   0000034E   0x4641             MOV      R1,R8
   \   00000350   0x4650             MOV      R0,R10
   \   00000352   0x.... 0x....      BL       printk_pad_space
   \                     ??printk_56:
   \   00000356   0xE661             B.N      ??printk_2
   \                     ??printk_31:
   \   00000358   0x7830             LDRB     R0,[R6, #+0]
   \   0000035A   0x1D36             ADDS     R6,R6,#+4
   \   0000035C   0x002A             MOVS     R2,R5
   \   0000035E   0xA900             ADD      R1,SP,#+0
   \   00000360   0x.... 0x....      BL       printk_putc
   \   00000364   0xE65A             B.N      ??printk_2
   \                     ??printk_36:
   \   00000366   0xF8D6 0x9000      LDR      R9,[R6, #+0]
   \   0000036A   0x1D36             ADDS     R6,R6,#+4
   \   0000036C   0xF1B9 0x0F00      CMP      R9,#+0
   \   00000370   0xD021             BEQ.N    ??printk_57
   \   00000372   0x4648             MOV      R0,R9
   \   00000374   0x.... 0x....      BL       strlen
   \   00000378   0x4682             MOV      R10,R0
   \   0000037A   0x0038             MOVS     R0,R7
   \   0000037C   0x07C0             LSLS     R0,R0,#+31
   \   0000037E   0xD40E             BMI.N    ??printk_58
   \   00000380   0x002B             MOVS     R3,R5
   \   00000382   0xAA00             ADD      R2,SP,#+0
   \   00000384   0x4641             MOV      R1,R8
   \   00000386   0x4650             MOV      R0,R10
   \   00000388   0x.... 0x....      BL       printk_pad_space
   \   0000038C   0xE007             B.N      ??printk_58
   \                     ??printk_59:
   \   0000038E   0x002A             MOVS     R2,R5
   \   00000390   0xA900             ADD      R1,SP,#+0
   \   00000392   0xF899 0x0000      LDRB     R0,[R9, #+0]
   \   00000396   0x.... 0x....      BL       printk_putc
   \   0000039A   0xF119 0x0901      ADDS     R9,R9,#+1
   \                     ??printk_58:
   \   0000039E   0xF899 0x0000      LDRB     R0,[R9, #+0]
   \   000003A2   0x2800             CMP      R0,#+0
   \   000003A4   0xD1F3             BNE.N    ??printk_59
   \   000003A6   0x07F8             LSLS     R0,R7,#+31
   \   000003A8   0xD505             BPL.N    ??printk_57
   \   000003AA   0x002B             MOVS     R3,R5
   \   000003AC   0xAA00             ADD      R2,SP,#+0
   \   000003AE   0x4641             MOV      R1,R8
   \   000003B0   0x4650             MOV      R0,R10
   \   000003B2   0x.... 0x....      BL       printk_pad_space
   \                     ??printk_57:
   \   000003B6   0xE631             B.N      ??printk_2
   \                     ??printk_33:
   \   000003B8   0x6830             LDR      R0,[R6, #+0]
   \   000003BA   0x1D36             ADDS     R6,R6,#+4
   \   000003BC   0x9900             LDR      R1,[SP, #+0]
   \   000003BE   0x6001             STR      R1,[R0, #+0]
   \   000003C0   0xE62C             B.N      ??printk_2
    565                  }
    566              }
    567              return count;
   \                     ??printk_3:
   \   000003C2   0x9800             LDR      R0,[SP, #+0]
   \   000003C4   0xB00D             ADD      SP,SP,#+52
   \   000003C6   0xE8BD 0x8FF0      POP      {R4-R11,PC}      ;; return
    568          }
    569          
    570          /********************************************************************/

   \                                 In section .text, align 2, keep-with-next
    571          int
    572          printf (const char *fmt, ...)
    573          {
   \                     printf:
   \   00000000   0xB40E             PUSH     {R1-R3}
   \   00000002   0xB500             PUSH     {LR}
   \   00000004   0xB084             SUB      SP,SP,#+16
    574              va_list ap;
    575              int rvalue;
    576              PRINTK_INFO info;
    577          
    578          
    579              info.dest = DEST_CONSOLE;
   \   00000006   0x2101             MOVS     R1,#+1
   \   00000008   0x9100             STR      R1,[SP, #+0]
    580              info.func = &out_char;
   \   0000000A   0x....             LDR.N    R1,??DataTable0
   \   0000000C   0x9101             STR      R1,[SP, #+4]
    581              /*
    582               * Initialize the pointer to the variable length argument list.
    583               */
    584              va_start(ap, fmt);
   \   0000000E   0xAA05             ADD      R2,SP,#+20
    585              rvalue = printk(&info, fmt, ap);
   \   00000010   0x0001             MOVS     R1,R0
   \   00000012   0xA800             ADD      R0,SP,#+0
   \   00000014   0x.... 0x....      BL       printk
    586              /*
    587               * Cleanup the variable length argument list.
    588               */
    589              va_end(ap);
    590              return rvalue;
   \   00000018   0xB004             ADD      SP,SP,#+16
   \   0000001A   0xF85D 0xFB10      LDR      PC,[SP], #+16    ;; return
    591          }
    592          
    593          /********************************************************************/

   \                                 In section .text, align 2, keep-with-next
    594          int
    595          sprintf (char *s, const char *fmt, ...)
    596          {
   \                     sprintf:
   \   00000000   0xB40C             PUSH     {R2,R3}
   \   00000002   0xB5E0             PUSH     {R5-R7,LR}
   \   00000004   0x0002             MOVS     R2,R0
    597              va_list ap;
    598              int rvalue = 0;
   \   00000006   0x2000             MOVS     R0,#+0
    599              PRINTK_INFO info;
    600          
    601              /*
    602               * Initialize the pointer to the variable length argument list.
    603               */
    604              if (s != 0)
   \   00000008   0x2A00             CMP      R2,#+0
   \   0000000A   0xD009             BEQ.N    ??sprintf_0
    605              {
    606                  info.dest = DEST_STRING;
   \   0000000C   0x2002             MOVS     R0,#+2
   \   0000000E   0x9000             STR      R0,[SP, #+0]
    607                  info.loc = s;
   \   00000010   0x9202             STR      R2,[SP, #+8]
    608                  va_start(ap, fmt);
   \   00000012   0xAA04             ADD      R2,SP,#+16
    609                  rvalue = printk(&info, fmt, ap);
   \   00000014   0xA800             ADD      R0,SP,#+0
   \   00000016   0x.... 0x....      BL       printk
    610                  *info.loc = '\0';
   \   0000001A   0x9902             LDR      R1,[SP, #+8]
   \   0000001C   0x2200             MOVS     R2,#+0
   \   0000001E   0x700A             STRB     R2,[R1, #+0]
    611                  va_end(ap);
    612              }
    613              return rvalue;
   \                     ??sprintf_0:
   \   00000020   0xBC0E             POP      {R1-R3}
   \   00000022   0xF85D 0xFB0C      LDR      PC,[SP], #+12    ;; return
    614          }

   \                                 In section .text, align 4, keep-with-next
   \                     ??DataTable0:
   \   00000000   0x........         DC32     out_char
    615          
    616          /********************************************************************/

   Maximum stack usage in bytes:

   .cstack Function
   ------- --------
       32  printf
             32 -> printk
       88  printk
             88 -> printk_mknumstr
             88 -> printk_pad_space
             88 -> printk_pad_zero
             88 -> printk_putc
             88 -> strlen
        8  printk_mknumstr
       24  printk_pad_space
             24 -> printk_putc
       24  printk_pad_zero
             24 -> printk_putc
        8  printk_putc
              8 -- Indirect call
       24  sprintf
             24 -> printk


   Section sizes:

   Bytes  Function/Label
   -----  --------------
       4  ??DataTable0
      30  printf
     970  printk
     112  printk_mknumstr
      30  printk_pad_space
      30  printk_pad_zero
      44  printk_putc
      38  sprintf

 
 1 258 bytes in section .text
 
 1 258 bytes of CODE memory

Errors: none
Warnings: none
