C51 COMPILER V9.52.0.0   OLED                                                              04/02/2014 22:57:58 PAGE 1   


C51 COMPILER V9.52.0.0, COMPILATION OF MODULE OLED
OBJECT MODULE PLACED IN oled.obj
COMPILER INVOKED BY: C:\MDK_C51\C51\BIN\C51.EXE SRC\oled.c BROWSE INCDIR(.\SRC) DEBUG OBJECTEXTEND PRINT(.\oled.lst) TAB
                    -S(2) OBJECT(oled.obj)

line level    source

   1          #include "oled.h"
   2          #include "picture.h"
   3          
   4          
   5          /**********************************************
   6          //IIC Start
   7          **********************************************/
   8          void IIC_Start()
   9          {
  10   1         SCL = high;    
  11   1         SDA = high;
  12   1         SDA = low;
  13   1         SCL = low;
  14   1      }
  15          
  16          /**********************************************
  17          //IIC Stop
  18          **********************************************/
  19          void IIC_Stop()
  20          {
  21   1         SCL = low;
  22   1         SDA = low;
  23   1         SCL = high;
  24   1         SDA = high;
  25   1      }
  26          /**********************************************
  27          // IIC Write byte
  28          **********************************************/
  29          void Write_IIC_Byte(unsigned char IIC_Byte)
  30          {
  31   1        unsigned char i;
  32   1        for(i=0;i<8;i++)    
  33   1        {
  34   2          if(IIC_Byte & 0x80)
  35   2          SDA=high;
  36   2          else
  37   2          SDA=low;
  38   2          SCL=high;
  39   2          SCL=low;
  40   2          IIC_Byte<<=1;
  41   2        }
  42   1        SDA=1;
  43   1        SCL=1;
  44   1        SCL=0;
  45   1      }
  46          /**********************************************
  47          // IIC Write Command
  48          **********************************************/
  49          void Write_IIC_Command(unsigned char IIC_Command)
  50          {
  51   1         IIC_Start();
  52   1         Write_IIC_Byte(0x78);            //Slave address,SA0=0
  53   1         Write_IIC_Byte(0x00);      //write command
  54   1         Write_IIC_Byte(IIC_Command); 
C51 COMPILER V9.52.0.0   OLED                                                              04/02/2014 22:57:58 PAGE 2   

  55   1         IIC_Stop();
  56   1      }
  57          /**********************************************
  58          // IIC Write Data
  59          **********************************************/
  60          void Write_IIC_Data(unsigned char IIC_Data)
  61          {
  62   1         IIC_Start();
  63   1         Write_IIC_Byte(0x78);      //D/C#=0; R/W#=0
  64   1         Write_IIC_Byte(0x40);      //write data
  65   1         Write_IIC_Byte(IIC_Data);
  66   1         IIC_Stop();
  67   1      }
  68          /********************************************
  69          // fill_Picture
  70          ********************************************/
  71          void fill_picture(unsigned char fill_Data)
  72          {
  73   1        unsigned char m,n;
  74   1        for(m=0;m<8;m++)
  75   1        {
  76   2          Write_IIC_Command(0xb0+m);    //page0-page1
  77   2          Write_IIC_Command(0x00);    //low column start address
  78   2          Write_IIC_Command(0x10);    //high column start address
  79   2          for(n=0;n<128;n++)
  80   2            {
  81   3              Write_IIC_Data(fill_Data);
  82   3            }
  83   2        }
  84   1      }
  85          /******************************************
  86          // picture用来显示一个图片
  87          ******************************************/
  88          void Picture()
  89          {
  90   1        unsigned char x,y;
  91   1        unsigned int i=0;
  92   1        for(y=0;y<8;y++)
  93   1          {
  94   2            Write_IIC_Command(0xb0+y);
  95   2            Write_IIC_Command(0x00);
  96   2            Write_IIC_Command(0x10);
  97   2            for(x=0;x<128;x++)
  98   2              {
  99   3                Write_IIC_Data(show[i++]);
 100   3              }
 101   2          }
 102   1      }
 103          
 104          /***********************Delay****************************************/
 105          void Delay_50ms(unsigned int Del_50ms)
 106          {
 107   1        unsigned int m;
 108   1        for(;Del_50ms>0;Del_50ms--)
 109   1          for(m=6245;m>0;m--);
 110   1      }
 111          
 112          void Delay_1ms(unsigned int Del_1ms)
 113          {
 114   1        unsigned char j;
 115   1        while(Del_1ms--)
 116   1        { 
C51 COMPILER V9.52.0.0   OLED                                                              04/02/2014 22:57:58 PAGE 3   

 117   2          for(j=0;j<123;j++);
 118   2        }
 119   1      }
 120          
 121          
 122          
 123          void Initial_M096128x64_ssd1306()
 124          {
 125   1        Write_IIC_Command(0xAE);   //display off
 126   1        Write_IIC_Command(0x20);  //Set Memory Addressing Mode  
 127   1        Write_IIC_Command(0x10);  //00,Horizontal Addressing Mode;01,Vertical Addressing Mode;10,Page Addressing M
             -ode (RESET);11,Invalid
 128   1        Write_IIC_Command(0xb0);  //Set Page Start Address for Page Addressing Mode,0-7
 129   1        Write_IIC_Command(0xc8);  //Set COM Output Scan Direction
 130   1        Write_IIC_Command(0x00);//---set low column address
 131   1        Write_IIC_Command(0x10);//---set high column address
 132   1        Write_IIC_Command(0x40);//--set start line address
 133   1        Write_IIC_Command(0x81);//--set contrast control register
 134   1        Write_IIC_Command(0x7f);
 135   1        Write_IIC_Command(0xa1);//--set segment re-map 0 to 127
 136   1        Write_IIC_Command(0xa6);//--set normal display
 137   1        Write_IIC_Command(0xa8);//--set multiplex ratio(1 to 64)
 138   1        Write_IIC_Command(0x3F);//
 139   1        Write_IIC_Command(0xa4);//0xa4,Output follows RAM content;0xa5,Output ignores RAM content
 140   1        Write_IIC_Command(0xd3);//-set display offset
 141   1        Write_IIC_Command(0x00);//-not offset
 142   1        Write_IIC_Command(0xd5);//--set display clock divide ratio/oscillator frequency
 143   1        Write_IIC_Command(0xf0);//--set divide ratio
 144   1        Write_IIC_Command(0xd9);//--set pre-charge period
 145   1        Write_IIC_Command(0x22); //
 146   1        Write_IIC_Command(0xda);//--set com pins hardware configuration
 147   1        Write_IIC_Command(0x12);
 148   1        Write_IIC_Command(0xdb);//--set vcomh
 149   1        Write_IIC_Command(0x20);//0x20,0.77xVcc
 150   1        Write_IIC_Command(0x8d);//--set DC-DC enable
 151   1        Write_IIC_Command(0x14);//
 152   1        Write_IIC_Command(0xaf);//--turn on oled panel 
 153   1      }
*** WARNING C316 IN LINE 153 OF SRC\oled.c: unterminated conditionals


MODULE INFORMATION:   STATIC OVERLAYABLE
   CODE SIZE        =    349    ----
   CONSTANT SIZE    =   1024    ----
   XDATA SIZE       =   ----    ----
   PDATA SIZE       =   ----    ----
   DATA SIZE        =   ----       2
   IDATA SIZE       =   ----    ----
   BIT SIZE         =   ----    ----
END OF MODULE INFORMATION.


C51 COMPILATION COMPLETE.  1 WARNING(S),  0 ERROR(S)
