###############################################################################
#                                                                             #
#                                                       07/May/2014  16:39:00 #
# IAR ANSI C/C++ Compiler V6.30.6.23336/W32 EVALUATION for ARM                #
# Copyright 1999-2012 IAR Systems AB.                                         #
#                                                                             #
#    Cpu mode     =  thumb                                                    #
#    Endian       =  little                                                   #
#    Source file  =  C:\Users\me\Desktop\OLED¿Í»§×ÊÁÏ\³ÌÐòÀý³Ì\KinetisK60_Dem #
#                    o_OLED\src\drivers\lptmr\lptmr.c                         #
#    Command line =  C:\Users\me\Desktop\OLED¿Í»§×ÊÁÏ\³ÌÐòÀý³Ì\KinetisK60_Dem #
#                    o_OLED\src\drivers\lptmr\lptmr.c -D IAR -D TWR_K60N512   #
#                    -lCN C:\Users\me\Desktop\OLED¿Í»§×ÊÁÏ\³ÌÐòÀý³Ì\KinetisK6 #
#                    0_Demo_OLED\build\iar\hello_world\RAM_128KB\List\ -lB    #
#                    C:\Users\me\Desktop\OLED¿Í»§×ÊÁÏ\³ÌÐòÀý³Ì\KinetisK60_Dem #
#                    o_OLED\build\iar\hello_world\RAM_128KB\List\ -o          #
#                    C:\Users\me\Desktop\OLED¿Í»§×ÊÁÏ\³ÌÐòÀý³Ì\KinetisK60_Dem #
#                    o_OLED\build\iar\hello_world\RAM_128KB\Obj\ --no_cse     #
#                    --no_unroll --no_inline --no_code_motion --no_tbaa       #
#                    --no_clustering --no_scheduling --debug --endian=little  #
#                    --cpu=Cortex-M4 -e --fpu=None --dlib_config "C:\Program  #
#                    Files (x86)\IAR Systems\Embedded Workbench 6.0           #
#                    Evaluation\arm\INC\c\DLib_Config_Normal.h" -I            #
#                    C:\Users\me\Desktop\OLED¿Í»§×ÊÁÏ\³ÌÐòÀý³Ì\KinetisK60_Dem #
#                    o_OLED\build\iar\hello_world\..\..\..\src\projects\hello #
#                    _world\ -I C:\Users\me\Desktop\OLED¿Í»§×ÊÁÏ\³ÌÐòÀý³Ì\Kin #
#                    etisK60_Demo_OLED\build\iar\hello_world\..\..\..\src\com #
#                    mon\ -I C:\Users\me\Desktop\OLED¿Í»§×ÊÁÏ\³ÌÐòÀý³Ì\Kineti #
#                    sK60_Demo_OLED\build\iar\hello_world\..\..\..\src\cpu\   #
#                    -I C:\Users\me\Desktop\OLED¿Í»§×ÊÁÏ\³ÌÐòÀý³Ì\KinetisK60_ #
#                    Demo_OLED\build\iar\hello_world\..\..\..\src\cpu\headers #
#                    \ -I C:\Users\me\Desktop\OLED¿Í»§×ÊÁÏ\³ÌÐòÀý³Ì\KinetisK6 #
#                    0_Demo_OLED\build\iar\hello_world\..\..\..\src\drivers\a #
#                    dc16\ -I C:\Users\me\Desktop\OLED¿Í»§×ÊÁÏ\³ÌÐòÀý³Ì\Kinet #
#                    isK60_Demo_OLED\build\iar\hello_world\..\..\..\src\drive #
#                    rs\enet\ -I C:\Users\me\Desktop\OLED¿Í»§×ÊÁÏ\³ÌÐòÀý³Ì\Ki #
#                    netisK60_Demo_OLED\build\iar\hello_world\..\..\..\src\dr #
#                    ivers\pmc\ -I C:\Users\me\Desktop\OLED¿Í»§×ÊÁÏ\³ÌÐòÀý³Ì\ #
#                    KinetisK60_Demo_OLED\build\iar\hello_world\..\..\..\src\ #
#                    drivers\rtc\ -I C:\Users\me\Desktop\OLED¿Í»§×ÊÁÏ\³ÌÐòÀý³ #
#                    Ì\KinetisK60_Demo_OLED\build\iar\hello_world\..\..\..\sr #
#                    c\drivers\lptmr\ -I C:\Users\me\Desktop\OLED¿Í»§×ÊÁÏ\³ÌÐ #
#                    òÀý³Ì\KinetisK60_Demo_OLED\build\iar\hello_world\..\..\. #
#                    .\src\drivers\uart\ -I C:\Users\me\Desktop\OLED¿Í»§×ÊÁÏ\ #
#                    ³ÌÐòÀý³Ì\KinetisK60_Demo_OLED\build\iar\hello_world\..\. #
#                    .\..\src\drivers\mcg\ -I C:\Users\me\Desktop\OLED¿Í»§×ÊÁ #
#                    Ï\³ÌÐòÀý³Ì\KinetisK60_Demo_OLED\build\iar\hello_world\.. #
#                    \..\..\src\drivers\wdog\ -I                              #
#                    C:\Users\me\Desktop\OLED¿Í»§×ÊÁÏ\³ÌÐòÀý³Ì\KinetisK60_Dem #
#                    o_OLED\build\iar\hello_world\..\..\..\src\platforms\ -I  #
#                    C:\Users\me\Desktop\OLED¿Í»§×ÊÁÏ\³ÌÐòÀý³Ì\KinetisK60_Dem #
#                    o_OLED\build\iar\hello_world\..\..\..\src\drivers\ftm\   #
#                    -I C:\Users\me\Desktop\OLED¿Í»§×ÊÁÏ\³ÌÐòÀý³Ì\KinetisK60_ #
#                    Demo_OLED\build\iar\hello_world\..\..\..\src\drivers\SPI #
#                    \ -I C:\Users\me\Desktop\OLED¿Í»§×ÊÁÏ\³ÌÐòÀý³Ì\KinetisK6 #
#                    0_Demo_OLED\build\iar\hello_world\..\..\..\src\drivers\O #
#                    LED\ -I C:\Users\me\Desktop\OLED¿Í»§×ÊÁÏ\³ÌÐòÀý³Ì\Kineti #
#                    sK60_Demo_OLED\build\iar\hello_world\..\ -On             #
#                    --use_c++_inline                                         #
#    List file    =  C:\Users\me\Desktop\OLED¿Í»§×ÊÁÏ\³ÌÐòÀý³Ì\KinetisK60_Dem #
#                    o_OLED\build\iar\hello_world\RAM_128KB\List\lptmr.lst    #
#    Object file  =  C:\Users\me\Desktop\OLED¿Í»§×ÊÁÏ\³ÌÐòÀý³Ì\KinetisK60_Dem #
#                    o_OLED\build\iar\hello_world\RAM_128KB\Obj\lptmr.o       #
#                                                                             #
#                                                                             #
###############################################################################

C:\Users\me\Desktop\OLED¿Í»§×ÊÁÏ\³ÌÐòÀý³Ì\KinetisK60_Demo_OLED\src\drivers\lptmr\lptmr.c
      1          /*
      2           * File:        lptmr.c
      3           * Purpose:     Provide common low power timer functions
      4           *
      5           * Notes:       Right now only function provided is used
      6           *              to generate a delay in ms. This driver
      7           *              could be expanded to include more functions
      8           *              in the future.
      9           *              
     10           */
     11          
     12          
     13          #include "common.h"
     14          #include "lptmr.h"
     15          
     16          /********************************************************************/
     17          /*
     18           * Initialize the low power time to provide a delay measured in ms.
     19           *
     20           *
     21           * Parameters:
     22           *  count_val   number of ms to delay
     23           *
     24           * Returns:
     25           * None
     26           */

   \                                 In section .text, align 4, keep-with-next
     27          void time_delay_ms(uint32 count_val)
     28          {
     29            /* Make sure the clock to the LPTMR is enabled */
     30            SIM_SCGC5|=SIM_SCGC5_LPTIMER_MASK; 
   \                     time_delay_ms:
   \   00000000   0x490D             LDR.N    R1,??time_delay_ms_0  ;; 0x40048038
   \   00000002   0x6809             LDR      R1,[R1, #+0]
   \   00000004   0xF051 0x0101      ORRS     R1,R1,#0x1
   \   00000008   0x4A0B             LDR.N    R2,??time_delay_ms_0  ;; 0x40048038
   \   0000000A   0x6011             STR      R1,[R2, #+0]
     31            
     32            /* Set the compare value to the number of ms to delay */
     33            LPTMR0_CMR = count_val; 
   \   0000000C   0x490B             LDR.N    R1,??time_delay_ms_0+0x4  ;; 0x40040008
   \   0000000E   0x6008             STR      R0,[R1, #+0]
     34            
     35            /* Set up LPTMR to use 1kHz LPO with no prescaler as its clock source */
     36            LPTMR0_PSR = LPTMR_PSR_PCS(1)|LPTMR_PSR_PBYP_MASK; 
   \   00000010   0x490B             LDR.N    R1,??time_delay_ms_0+0x8  ;; 0x40040004
   \   00000012   0x2205             MOVS     R2,#+5
   \   00000014   0x600A             STR      R2,[R1, #+0]
     37            
     38            /* Start the timer */
     39            LPTMR0_CSR |= LPTMR_CSR_TEN_MASK; 
   \   00000016   0x490B             LDR.N    R1,??time_delay_ms_0+0xC  ;; 0x40040000
   \   00000018   0x6809             LDR      R1,[R1, #+0]
   \   0000001A   0xF051 0x0101      ORRS     R1,R1,#0x1
   \   0000001E   0x4A09             LDR.N    R2,??time_delay_ms_0+0xC  ;; 0x40040000
   \   00000020   0x6011             STR      R1,[R2, #+0]
     40          
     41            /* Wait for counter to reach compare value */
     42            while (!(LPTMR0_CSR & LPTMR_CSR_TCF_MASK));
   \                     ??time_delay_ms_1:
   \   00000022   0x4908             LDR.N    R1,??time_delay_ms_0+0xC  ;; 0x40040000
   \   00000024   0x6809             LDR      R1,[R1, #+0]
   \   00000026   0x0609             LSLS     R1,R1,#+24
   \   00000028   0xD5FB             BPL.N    ??time_delay_ms_1
     43            
     44            /* Clear Timer Compare Flag */
     45            LPTMR0_CSR &= ~LPTMR_CSR_TEN_MASK;
   \   0000002A   0x4906             LDR.N    R1,??time_delay_ms_0+0xC  ;; 0x40040000
   \   0000002C   0x6809             LDR      R1,[R1, #+0]
   \   0000002E   0x0849             LSRS     R1,R1,#+1
   \   00000030   0x0049             LSLS     R1,R1,#+1
   \   00000032   0x4A04             LDR.N    R2,??time_delay_ms_0+0xC  ;; 0x40040000
   \   00000034   0x6011             STR      R1,[R2, #+0]
     46            
     47            return;
   \   00000036   0x4770             BX       LR               ;; return
   \                     ??time_delay_ms_0:
   \   00000038   0x40048038         DC32     0x40048038
   \   0000003C   0x40040008         DC32     0x40040008
   \   00000040   0x40040004         DC32     0x40040004
   \   00000044   0x40040000         DC32     0x40040000
     48          }

   Maximum stack usage in bytes:

   .cstack Function
   ------- --------
        0  time_delay_ms


   Section sizes:

   Bytes  Function/Label
   -----  --------------
      72  time_delay_ms

 
 72 bytes in section .text
 
 72 bytes of CODE memory

Errors: none
Warnings: none
